{"D:\\hacktiv8\\phase 2\\week 3\\personal project\\clash-royale\\server\\app.js": {"path":"D:\\hacktiv8\\phase 2\\week 3\\personal project\\clash-royale\\server\\app.js","statementMap":{"0":{"start":{"line":1,"column":0},"end":{"line":1,"column":27}},"1":{"start":{"line":2,"column":16},"end":{"line":2,"column":34}},"2":{"start":{"line":3,"column":12},"end":{"line":3,"column":21}},"3":{"start":{"line":5,"column":20},"end":{"line":5,"column":57}},"4":{"start":{"line":6,"column":24},"end":{"line":6,"column":62}},"5":{"start":{"line":8,"column":13},"end":{"line":8,"column":37}},"6":{"start":{"line":9,"column":13},"end":{"line":9,"column":37}},"7":{"start":{"line":10,"column":17},"end":{"line":10,"column":45}},"8":{"start":{"line":13,"column":13},"end":{"line":13,"column":28}},"9":{"start":{"line":14,"column":0},"end":{"line":14,"column":16}},"10":{"start":{"line":16,"column":0},"end":{"line":16,"column":24}},"11":{"start":{"line":19,"column":0},"end":{"line":19,"column":23}},"12":{"start":{"line":22,"column":0},"end":{"line":22,"column":19}},"13":{"start":{"line":25,"column":0},"end":{"line":25,"column":25}},"14":{"start":{"line":27,"column":0},"end":{"line":27,"column":19}},"15":{"start":{"line":30,"column":0},"end":{"line":30,"column":21}},"16":{"start":{"line":32,"column":0},"end":{"line":32,"column":21}}},"fnMap":{},"branchMap":{},"s":{"0":2,"1":2,"2":2,"3":2,"4":2,"5":2,"6":2,"7":2,"8":2,"9":2,"10":2,"11":2,"12":2,"13":2,"14":2,"15":2,"16":2},"f":{},"b":{},"_coverageSchema":"1a1c01bbd47fc00a2c39e90264f33305004495a9","hash":"5534be6a2dd39fafaedfbddc4a9b55becc974025"}
,"D:\\hacktiv8\\phase 2\\week 3\\personal project\\clash-royale\\server\\controllers\\controller.js": {"path":"D:\\hacktiv8\\phase 2\\week 3\\personal project\\clash-royale\\server\\controllers\\controller.js","statementMap":{"0":{"start":{"line":1,"column":47},"end":{"line":1,"column":67}},"1":{"start":{"line":2,"column":29},"end":{"line":2,"column":59}},"2":{"start":{"line":3,"column":37},"end":{"line":3,"column":61}},"3":{"start":{"line":4,"column":25},"end":{"line":4,"column":55}},"4":{"start":{"line":6,"column":23},"end":{"line":6,"column":49}},"5":{"start":{"line":8,"column":28},"end":{"line":8,"column":49}},"6":{"start":{"line":9,"column":22},"end":{"line":9,"column":42}},"7":{"start":{"line":13,"column":4},"end":{"line":36,"column":5}},"8":{"start":{"line":14,"column":34},"end":{"line":14,"column":42}},"9":{"start":{"line":16,"column":6},"end":{"line":16,"column":49}},"10":{"start":{"line":16,"column":18},"end":{"line":16,"column":49}},"11":{"start":{"line":17,"column":6},"end":{"line":17,"column":55}},"12":{"start":{"line":17,"column":21},"end":{"line":17,"column":55}},"13":{"start":{"line":19,"column":19},"end":{"line":23,"column":8}},"14":{"start":{"line":25,"column":6},"end":{"line":25,"column":51}},"15":{"start":{"line":25,"column":17},"end":{"line":25,"column":51}},"16":{"start":{"line":27,"column":23},"end":{"line":27,"column":55}},"17":{"start":{"line":28,"column":6},"end":{"line":28,"column":55}},"18":{"start":{"line":28,"column":21},"end":{"line":28,"column":55}},"19":{"start":{"line":30,"column":20},"end":{"line":30,"column":48}},"20":{"start":{"line":32,"column":6},"end":{"line":32,"column":38}},"21":{"start":{"line":34,"column":6},"end":{"line":34,"column":25}},"22":{"start":{"line":35,"column":6},"end":{"line":35,"column":18}},"23":{"start":{"line":41,"column":4},"end":{"line":72,"column":5}},"24":{"start":{"line":43,"column":22},"end":{"line":51,"column":8}},"25":{"start":{"line":53,"column":44},"end":{"line":53,"column":52}},"26":{"start":{"line":55,"column":6},"end":{"line":55,"column":49}},"27":{"start":{"line":55,"column":18},"end":{"line":55,"column":49}},"28":{"start":{"line":56,"column":6},"end":{"line":56,"column":55}},"29":{"start":{"line":56,"column":21},"end":{"line":56,"column":55}},"30":{"start":{"line":57,"column":19},"end":{"line":57,"column":67}},"31":{"start":{"line":60,"column":6},"end":{"line":66,"column":9}},"32":{"start":{"line":68,"column":6},"end":{"line":68,"column":37}},"33":{"start":{"line":70,"column":6},"end":{"line":70,"column":30}},"34":{"start":{"line":71,"column":6},"end":{"line":71,"column":18}},"35":{"start":{"line":77,"column":4},"end":{"line":87,"column":5}},"36":{"start":{"line":78,"column":19},"end":{"line":81,"column":8}},"37":{"start":{"line":83,"column":6},"end":{"line":83,"column":33}},"38":{"start":{"line":85,"column":6},"end":{"line":85,"column":25}},"39":{"start":{"line":86,"column":6},"end":{"line":86,"column":18}},"40":{"start":{"line":92,"column":4},"end":{"line":112,"column":5}},"41":{"start":{"line":93,"column":25},"end":{"line":93,"column":34}},"42":{"start":{"line":96,"column":19},"end":{"line":98,"column":7}},"43":{"start":{"line":100,"column":6},"end":{"line":104,"column":7}},"44":{"start":{"line":101,"column":8},"end":{"line":103,"column":10}},"45":{"start":{"line":106,"column":19},"end":{"line":106,"column":45}},"46":{"start":{"line":108,"column":6},"end":{"line":108,"column":33}},"47":{"start":{"line":110,"column":6},"end":{"line":110,"column":25}},"48":{"start":{"line":111,"column":6},"end":{"line":111,"column":18}},"49":{"start":{"line":117,"column":4},"end":{"line":131,"column":5}},"50":{"start":{"line":118,"column":21},"end":{"line":118,"column":31}},"51":{"start":{"line":120,"column":19},"end":{"line":124,"column":8}},"52":{"start":{"line":125,"column":6},"end":{"line":125,"column":44}},"53":{"start":{"line":125,"column":17},"end":{"line":125,"column":44}},"54":{"start":{"line":127,"column":6},"end":{"line":127,"column":33}},"55":{"start":{"line":129,"column":6},"end":{"line":129,"column":25}},"56":{"start":{"line":130,"column":6},"end":{"line":130,"column":18}},"57":{"start":{"line":136,"column":4},"end":{"line":157,"column":5}},"58":{"start":{"line":137,"column":21},"end":{"line":137,"column":31}},"59":{"start":{"line":138,"column":6},"end":{"line":138,"column":22}},"60":{"start":{"line":140,"column":19},"end":{"line":144,"column":8}},"61":{"start":{"line":145,"column":6},"end":{"line":145,"column":44}},"62":{"start":{"line":145,"column":17},"end":{"line":145,"column":44}},"63":{"start":{"line":147,"column":6},"end":{"line":151,"column":9}},"64":{"start":{"line":153,"column":6},"end":{"line":153,"column":81}},"65":{"start":{"line":155,"column":6},"end":{"line":155,"column":25}},"66":{"start":{"line":156,"column":6},"end":{"line":156,"column":18}},"67":{"start":{"line":162,"column":4},"end":{"line":178,"column":5}},"68":{"start":{"line":163,"column":21},"end":{"line":163,"column":29}},"69":{"start":{"line":164,"column":19},"end":{"line":171,"column":8}},"70":{"start":{"line":172,"column":6},"end":{"line":172,"column":24}},"71":{"start":{"line":174,"column":6},"end":{"line":174,"column":33}},"72":{"start":{"line":176,"column":6},"end":{"line":176,"column":76}},"73":{"start":{"line":177,"column":6},"end":{"line":177,"column":18}},"74":{"start":{"line":183,"column":4},"end":{"line":225,"column":5}},"75":{"start":{"line":184,"column":21},"end":{"line":184,"column":31}},"76":{"start":{"line":186,"column":19},"end":{"line":186,"column":42}},"77":{"start":{"line":187,"column":6},"end":{"line":187,"column":44}},"78":{"start":{"line":187,"column":17},"end":{"line":187,"column":44}},"79":{"start":{"line":188,"column":19},"end":{"line":188,"column":51}},"80":{"start":{"line":191,"column":24},"end":{"line":201,"column":8}},"81":{"start":{"line":203,"column":6},"end":{"line":221,"column":7}},"82":{"start":{"line":204,"column":22},"end":{"line":204,"column":50}},"83":{"start":{"line":205,"column":8},"end":{"line":218,"column":9}},"84":{"start":{"line":205,"column":24},"end":{"line":205,"column":52}},"85":{"start":{"line":208,"column":10},"end":{"line":215,"column":12}},"86":{"start":{"line":216,"column":23},"end":{"line":216,"column":82}},"87":{"start":{"line":217,"column":10},"end":{"line":217,"column":41}},"88":{"start":{"line":220,"column":8},"end":{"line":220,"column":40}},"89":{"start":{"line":223,"column":6},"end":{"line":223,"column":25}},"90":{"start":{"line":224,"column":6},"end":{"line":224,"column":18}},"91":{"start":{"line":230,"column":4},"end":{"line":237,"column":5}},"92":{"start":{"line":231,"column":19},"end":{"line":231,"column":39}},"93":{"start":{"line":233,"column":6},"end":{"line":233,"column":33}},"94":{"start":{"line":235,"column":6},"end":{"line":235,"column":25}},"95":{"start":{"line":236,"column":6},"end":{"line":236,"column":18}},"96":{"start":{"line":242,"column":4},"end":{"line":254,"column":5}},"97":{"start":{"line":243,"column":20},"end":{"line":247,"column":8}},"98":{"start":{"line":250,"column":6},"end":{"line":250,"column":34}},"99":{"start":{"line":252,"column":6},"end":{"line":252,"column":25}},"100":{"start":{"line":253,"column":6},"end":{"line":253,"column":18}},"101":{"start":{"line":259,"column":4},"end":{"line":273,"column":5}},"102":{"start":{"line":260,"column":25},"end":{"line":260,"column":35}},"103":{"start":{"line":261,"column":6},"end":{"line":261,"column":43}},"104":{"start":{"line":263,"column":23},"end":{"line":263,"column":50}},"105":{"start":{"line":264,"column":6},"end":{"line":264,"column":48}},"106":{"start":{"line":264,"column":21},"end":{"line":264,"column":48}},"107":{"start":{"line":266,"column":20},"end":{"line":266,"column":71}},"108":{"start":{"line":269,"column":6},"end":{"line":269,"column":34}},"109":{"start":{"line":271,"column":6},"end":{"line":271,"column":25}},"110":{"start":{"line":272,"column":6},"end":{"line":272,"column":18}},"111":{"start":{"line":278,"column":4},"end":{"line":284,"column":5}},"112":{"start":{"line":279,"column":19},"end":{"line":279,"column":51}},"113":{"start":{"line":280,"column":6},"end":{"line":280,"column":33}},"114":{"start":{"line":282,"column":6},"end":{"line":282,"column":25}},"115":{"start":{"line":283,"column":6},"end":{"line":283,"column":18}},"116":{"start":{"line":289,"column":4},"end":{"line":309,"column":5}},"117":{"start":{"line":290,"column":6},"end":{"line":290,"column":38}},"118":{"start":{"line":291,"column":6},"end":{"line":291,"column":39}},"119":{"start":{"line":293,"column":27},"end":{"line":293,"column":35}},"120":{"start":{"line":295,"column":25},"end":{"line":302,"column":7}},"121":{"start":{"line":305,"column":6},"end":{"line":305,"column":68}},"122":{"start":{"line":307,"column":6},"end":{"line":307,"column":25}},"123":{"start":{"line":308,"column":6},"end":{"line":308,"column":18}},"124":{"start":{"line":314,"column":4},"end":{"line":347,"column":5}},"125":{"start":{"line":315,"column":17},"end":{"line":319,"column":8}},"126":{"start":{"line":321,"column":20},"end":{"line":330,"column":8}},"127":{"start":{"line":333,"column":22},"end":{"line":340,"column":7}},"128":{"start":{"line":342,"column":23},"end":{"line":342,"column":62}},"129":{"start":{"line":343,"column":6},"end":{"line":343,"column":25}},"130":{"start":{"line":345,"column":6},"end":{"line":345,"column":25}},"131":{"start":{"line":346,"column":6},"end":{"line":346,"column":18}},"132":{"start":{"line":352,"column":4},"end":{"line":413,"column":5}},"133":{"start":{"line":354,"column":61},"end":{"line":354,"column":69}},"134":{"start":{"line":355,"column":29},"end":{"line":389,"column":7}},"135":{"start":{"line":356,"column":8},"end":{"line":388,"column":9}},"136":{"start":{"line":357,"column":24},"end":{"line":365,"column":11}},"137":{"start":{"line":368,"column":25},"end":{"line":368,"column":43}},"138":{"start":{"line":369,"column":25},"end":{"line":369,"column":43}},"139":{"start":{"line":370,"column":23},"end":{"line":370,"column":50}},"140":{"start":{"line":371,"column":23},"end":{"line":371,"column":50}},"141":{"start":{"line":373,"column":25},"end":{"line":373,"column":50}},"142":{"start":{"line":374,"column":10},"end":{"line":374,"column":48}},"143":{"start":{"line":375,"column":10},"end":{"line":375,"column":30}},"144":{"start":{"line":376,"column":10},"end":{"line":376,"column":51}},"145":{"start":{"line":378,"column":10},"end":{"line":385,"column":12}},"146":{"start":{"line":387,"column":10},"end":{"line":387,"column":29}},"147":{"start":{"line":392,"column":6},"end":{"line":407,"column":7}},"148":{"start":{"line":393,"column":8},"end":{"line":395,"column":9}},"149":{"start":{"line":394,"column":10},"end":{"line":394,"column":33}},"150":{"start":{"line":396,"column":13},"end":{"line":407,"column":7}},"151":{"start":{"line":397,"column":8},"end":{"line":397,"column":31}},"152":{"start":{"line":398,"column":13},"end":{"line":407,"column":7}},"153":{"start":{"line":399,"column":8},"end":{"line":406,"column":10}},"154":{"start":{"line":409,"column":6},"end":{"line":409,"column":26}},"155":{"start":{"line":411,"column":6},"end":{"line":411,"column":25}},"156":{"start":{"line":412,"column":6},"end":{"line":412,"column":18}},"157":{"start":{"line":419,"column":28},"end":{"line":419,"column":41}},"158":{"start":{"line":422,"column":4},"end":{"line":455,"column":5}},"159":{"start":{"line":423,"column":21},"end":{"line":423,"column":39}},"160":{"start":{"line":424,"column":21},"end":{"line":427,"column":8}},"161":{"start":{"line":430,"column":29},"end":{"line":430,"column":43}},"162":{"start":{"line":432,"column":17},"end":{"line":434,"column":8}},"163":{"start":{"line":435,"column":6},"end":{"line":447,"column":7}},"164":{"start":{"line":436,"column":8},"end":{"line":445,"column":10}},"165":{"start":{"line":449,"column":20},"end":{"line":449,"column":48}},"166":{"start":{"line":451,"column":6},"end":{"line":451,"column":38}},"167":{"start":{"line":453,"column":6},"end":{"line":453,"column":25}},"168":{"start":{"line":454,"column":6},"end":{"line":454,"column":18}},"169":{"start":{"line":459,"column":0},"end":{"line":459,"column":29}}},"fnMap":{"0":{"name":"(anonymous_0)","decl":{"start":{"line":12,"column":2},"end":{"line":12,"column":3}},"loc":{"start":{"line":12,"column":37},"end":{"line":37,"column":3}},"line":12},"1":{"name":"(anonymous_1)","decl":{"start":{"line":40,"column":2},"end":{"line":40,"column":3}},"loc":{"start":{"line":40,"column":40},"end":{"line":73,"column":3}},"line":40},"2":{"name":"(anonymous_2)","decl":{"start":{"line":76,"column":2},"end":{"line":76,"column":3}},"loc":{"start":{"line":76,"column":40},"end":{"line":88,"column":3}},"line":76},"3":{"name":"(anonymous_3)","decl":{"start":{"line":91,"column":2},"end":{"line":91,"column":3}},"loc":{"start":{"line":91,"column":38},"end":{"line":113,"column":3}},"line":91},"4":{"name":"(anonymous_4)","decl":{"start":{"line":116,"column":2},"end":{"line":116,"column":3}},"loc":{"start":{"line":116,"column":38},"end":{"line":132,"column":3}},"line":116},"5":{"name":"(anonymous_5)","decl":{"start":{"line":135,"column":2},"end":{"line":135,"column":3}},"loc":{"start":{"line":135,"column":42},"end":{"line":158,"column":3}},"line":135},"6":{"name":"(anonymous_6)","decl":{"start":{"line":161,"column":2},"end":{"line":161,"column":3}},"loc":{"start":{"line":161,"column":41},"end":{"line":179,"column":3}},"line":161},"7":{"name":"(anonymous_7)","decl":{"start":{"line":182,"column":2},"end":{"line":182,"column":3}},"loc":{"start":{"line":182,"column":39},"end":{"line":226,"column":3}},"line":182},"8":{"name":"(anonymous_8)","decl":{"start":{"line":229,"column":2},"end":{"line":229,"column":3}},"loc":{"start":{"line":229,"column":41},"end":{"line":238,"column":3}},"line":229},"9":{"name":"(anonymous_9)","decl":{"start":{"line":241,"column":2},"end":{"line":241,"column":3}},"loc":{"start":{"line":241,"column":42},"end":{"line":255,"column":3}},"line":241},"10":{"name":"(anonymous_10)","decl":{"start":{"line":258,"column":2},"end":{"line":258,"column":3}},"loc":{"start":{"line":258,"column":40},"end":{"line":274,"column":3}},"line":258},"11":{"name":"(anonymous_11)","decl":{"start":{"line":277,"column":2},"end":{"line":277,"column":3}},"loc":{"start":{"line":277,"column":40},"end":{"line":285,"column":3}},"line":277},"12":{"name":"(anonymous_12)","decl":{"start":{"line":288,"column":2},"end":{"line":288,"column":3}},"loc":{"start":{"line":288,"column":42},"end":{"line":310,"column":3}},"line":288},"13":{"name":"(anonymous_13)","decl":{"start":{"line":313,"column":2},"end":{"line":313,"column":3}},"loc":{"start":{"line":313,"column":48},"end":{"line":348,"column":3}},"line":313},"14":{"name":"(anonymous_14)","decl":{"start":{"line":351,"column":2},"end":{"line":351,"column":3}},"loc":{"start":{"line":351,"column":45},"end":{"line":414,"column":3}},"line":351},"15":{"name":"(anonymous_15)","decl":{"start":{"line":355,"column":29},"end":{"line":355,"column":30}},"loc":{"start":{"line":355,"column":41},"end":{"line":389,"column":7}},"line":355},"16":{"name":"(anonymous_16)","decl":{"start":{"line":417,"column":2},"end":{"line":417,"column":3}},"loc":{"start":{"line":417,"column":43},"end":{"line":456,"column":3}},"line":417}},"branchMap":{"0":{"loc":{"start":{"line":16,"column":6},"end":{"line":16,"column":49}},"type":"if","locations":[{"start":{"line":16,"column":6},"end":{"line":16,"column":49}},{"start":{},"end":{}}],"line":16},"1":{"loc":{"start":{"line":17,"column":6},"end":{"line":17,"column":55}},"type":"if","locations":[{"start":{"line":17,"column":6},"end":{"line":17,"column":55}},{"start":{},"end":{}}],"line":17},"2":{"loc":{"start":{"line":25,"column":6},"end":{"line":25,"column":51}},"type":"if","locations":[{"start":{"line":25,"column":6},"end":{"line":25,"column":51}},{"start":{},"end":{}}],"line":25},"3":{"loc":{"start":{"line":28,"column":6},"end":{"line":28,"column":55}},"type":"if","locations":[{"start":{"line":28,"column":6},"end":{"line":28,"column":55}},{"start":{},"end":{}}],"line":28},"4":{"loc":{"start":{"line":55,"column":6},"end":{"line":55,"column":49}},"type":"if","locations":[{"start":{"line":55,"column":6},"end":{"line":55,"column":49}},{"start":{},"end":{}}],"line":55},"5":{"loc":{"start":{"line":56,"column":6},"end":{"line":56,"column":55}},"type":"if","locations":[{"start":{"line":56,"column":6},"end":{"line":56,"column":55}},{"start":{},"end":{}}],"line":56},"6":{"loc":{"start":{"line":100,"column":6},"end":{"line":104,"column":7}},"type":"if","locations":[{"start":{"line":100,"column":6},"end":{"line":104,"column":7}},{"start":{},"end":{}}],"line":100},"7":{"loc":{"start":{"line":125,"column":6},"end":{"line":125,"column":44}},"type":"if","locations":[{"start":{"line":125,"column":6},"end":{"line":125,"column":44}},{"start":{},"end":{}}],"line":125},"8":{"loc":{"start":{"line":145,"column":6},"end":{"line":145,"column":44}},"type":"if","locations":[{"start":{"line":145,"column":6},"end":{"line":145,"column":44}},{"start":{},"end":{}}],"line":145},"9":{"loc":{"start":{"line":187,"column":6},"end":{"line":187,"column":44}},"type":"if","locations":[{"start":{"line":187,"column":6},"end":{"line":187,"column":44}},{"start":{},"end":{}}],"line":187},"10":{"loc":{"start":{"line":203,"column":6},"end":{"line":221,"column":7}},"type":"if","locations":[{"start":{"line":203,"column":6},"end":{"line":221,"column":7}},{"start":{"line":219,"column":13},"end":{"line":221,"column":7}}],"line":203},"11":{"loc":{"start":{"line":205,"column":8},"end":{"line":218,"column":9}},"type":"if","locations":[{"start":{"line":205,"column":8},"end":{"line":218,"column":9}},{"start":{"line":206,"column":13},"end":{"line":218,"column":9}}],"line":205},"12":{"loc":{"start":{"line":264,"column":6},"end":{"line":264,"column":48}},"type":"if","locations":[{"start":{"line":264,"column":6},"end":{"line":264,"column":48}},{"start":{},"end":{}}],"line":264},"13":{"loc":{"start":{"line":392,"column":6},"end":{"line":407,"column":7}},"type":"if","locations":[{"start":{"line":392,"column":6},"end":{"line":407,"column":7}},{"start":{"line":396,"column":13},"end":{"line":407,"column":7}}],"line":392},"14":{"loc":{"start":{"line":393,"column":8},"end":{"line":395,"column":9}},"type":"if","locations":[{"start":{"line":393,"column":8},"end":{"line":395,"column":9}},{"start":{},"end":{}}],"line":393},"15":{"loc":{"start":{"line":396,"column":13},"end":{"line":407,"column":7}},"type":"if","locations":[{"start":{"line":396,"column":13},"end":{"line":407,"column":7}},{"start":{"line":398,"column":13},"end":{"line":407,"column":7}}],"line":396},"16":{"loc":{"start":{"line":398,"column":13},"end":{"line":407,"column":7}},"type":"if","locations":[{"start":{"line":398,"column":13},"end":{"line":407,"column":7}},{"start":{},"end":{}}],"line":398},"17":{"loc":{"start":{"line":398,"column":17},"end":{"line":398,"column":113}},"type":"binary-expr","locations":[{"start":{"line":398,"column":17},"end":{"line":398,"column":47}},{"start":{"line":398,"column":51},"end":{"line":398,"column":79}},{"start":{"line":398,"column":83},"end":{"line":398,"column":113}}],"line":398},"18":{"loc":{"start":{"line":435,"column":6},"end":{"line":447,"column":7}},"type":"if","locations":[{"start":{"line":435,"column":6},"end":{"line":447,"column":7}},{"start":{},"end":{}}],"line":435}},"s":{"0":2,"1":2,"2":2,"3":2,"4":2,"5":2,"6":2,"7":46,"8":46,"9":46,"10":1,"11":45,"12":1,"13":44,"14":44,"15":1,"16":43,"17":43,"18":0,"19":43,"20":43,"21":3,"22":3,"23":3,"24":3,"25":3,"26":3,"27":1,"28":2,"29":1,"30":1,"31":1,"32":1,"33":2,"34":2,"35":8,"36":8,"37":1,"38":7,"39":7,"40":2,"41":2,"42":2,"43":2,"44":0,"45":2,"46":1,"47":1,"48":1,"49":2,"50":2,"51":2,"52":2,"53":1,"54":1,"55":1,"56":1,"57":2,"58":2,"59":2,"60":2,"61":2,"62":1,"63":1,"64":1,"65":1,"66":1,"67":1,"68":1,"69":1,"70":1,"71":1,"72":0,"73":0,"74":5,"75":5,"76":5,"77":5,"78":1,"79":4,"80":4,"81":4,"82":2,"83":2,"84":1,"85":1,"86":1,"87":1,"88":2,"89":4,"90":4,"91":2,"92":2,"93":1,"94":1,"95":1,"96":2,"97":2,"98":1,"99":1,"100":1,"101":2,"102":2,"103":2,"104":2,"105":2,"106":1,"107":1,"108":0,"109":2,"110":2,"111":1,"112":1,"113":1,"114":0,"115":0,"116":1,"117":1,"118":1,"119":1,"120":1,"121":1,"122":0,"123":0,"124":0,"125":0,"126":0,"127":0,"128":0,"129":0,"130":0,"131":0,"132":0,"133":0,"134":0,"135":0,"136":0,"137":0,"138":0,"139":0,"140":0,"141":0,"142":0,"143":0,"144":0,"145":0,"146":0,"147":0,"148":0,"149":0,"150":0,"151":0,"152":0,"153":0,"154":0,"155":0,"156":0,"157":0,"158":0,"159":0,"160":0,"161":0,"162":0,"163":0,"164":0,"165":0,"166":0,"167":0,"168":0,"169":2},"f":{"0":46,"1":3,"2":8,"3":2,"4":2,"5":2,"6":1,"7":5,"8":2,"9":2,"10":2,"11":1,"12":1,"13":0,"14":0,"15":0,"16":0},"b":{"0":[1,45],"1":[1,44],"2":[1,43],"3":[0,43],"4":[1,2],"5":[1,1],"6":[0,2],"7":[1,1],"8":[1,1],"9":[1,4],"10":[2,2],"11":[1,1],"12":[1,1],"13":[0,0],"14":[0,0],"15":[0,0],"16":[0,0],"17":[0,0,0],"18":[0,0]},"_coverageSchema":"1a1c01bbd47fc00a2c39e90264f33305004495a9","hash":"3980ecf3238924531b8a14343c0d8eac625ab15b"}
,"D:\\hacktiv8\\phase 2\\week 3\\personal project\\clash-royale\\server\\helper\\bycryptjs.js": {"path":"D:\\hacktiv8\\phase 2\\week 3\\personal project\\clash-royale\\server\\helper\\bycryptjs.js","statementMap":{"0":{"start":{"line":1,"column":18},"end":{"line":1,"column":37}},"1":{"start":{"line":3,"column":16},"end":{"line":5,"column":1}},"2":{"start":{"line":4,"column":2},"end":{"line":4,"column":65}},"3":{"start":{"line":7,"column":16},"end":{"line":9,"column":1}},"4":{"start":{"line":8,"column":2},"end":{"line":8,"column":51}},"5":{"start":{"line":11,"column":0},"end":{"line":11,"column":38}}},"fnMap":{"0":{"name":"(anonymous_0)","decl":{"start":{"line":3,"column":16},"end":{"line":3,"column":17}},"loc":{"start":{"line":3,"column":30},"end":{"line":5,"column":1}},"line":3},"1":{"name":"(anonymous_1)","decl":{"start":{"line":7,"column":16},"end":{"line":7,"column":17}},"loc":{"start":{"line":7,"column":40},"end":{"line":9,"column":1}},"line":7}},"branchMap":{},"s":{"0":2,"1":2,"2":4,"3":2,"4":43,"5":2},"f":{"0":4,"1":43},"b":{},"_coverageSchema":"1a1c01bbd47fc00a2c39e90264f33305004495a9","hash":"70904e4052c4022f11d60702c6def1e29b16c090"}
,"D:\\hacktiv8\\phase 2\\week 3\\personal project\\clash-royale\\server\\helper\\jwt.js": {"path":"D:\\hacktiv8\\phase 2\\week 3\\personal project\\clash-royale\\server\\helper\\jwt.js","statementMap":{"0":{"start":{"line":1,"column":12},"end":{"line":1,"column":35}},"1":{"start":{"line":2,"column":15},"end":{"line":2,"column":37}},"2":{"start":{"line":4,"column":20},"end":{"line":6,"column":1}},"3":{"start":{"line":5,"column":2},"end":{"line":5,"column":36}},"4":{"start":{"line":8,"column":20},"end":{"line":10,"column":1}},"5":{"start":{"line":9,"column":2},"end":{"line":9,"column":38}},"6":{"start":{"line":12,"column":0},"end":{"line":12,"column":46}}},"fnMap":{"0":{"name":"(anonymous_0)","decl":{"start":{"line":4,"column":20},"end":{"line":4,"column":21}},"loc":{"start":{"line":4,"column":34},"end":{"line":6,"column":1}},"line":4},"1":{"name":"(anonymous_1)","decl":{"start":{"line":8,"column":20},"end":{"line":8,"column":21}},"loc":{"start":{"line":8,"column":34},"end":{"line":10,"column":1}},"line":8}},"branchMap":{},"s":{"0":2,"1":2,"2":2,"3":43,"4":2,"5":31,"6":2},"f":{"0":43,"1":31},"b":{},"_coverageSchema":"1a1c01bbd47fc00a2c39e90264f33305004495a9","hash":"7aa958a11b9a3dae74413ed03b88d5812f9e2d78"}
,"D:\\hacktiv8\\phase 2\\week 3\\personal project\\clash-royale\\server\\middleware\\authentication.js": {"path":"D:\\hacktiv8\\phase 2\\week 3\\personal project\\clash-royale\\server\\middleware\\authentication.js","statementMap":{"0":{"start":{"line":1,"column":17},"end":{"line":1,"column":37}},"1":{"start":{"line":2,"column":37},"end":{"line":2,"column":61}},"2":{"start":{"line":3,"column":24},"end":{"line":32,"column":1}},"3":{"start":{"line":4,"column":2},"end":{"line":31,"column":3}},"4":{"start":{"line":5,"column":30},"end":{"line":5,"column":41}},"5":{"start":{"line":7,"column":4},"end":{"line":7,"column":55}},"6":{"start":{"line":7,"column":24},"end":{"line":7,"column":55}},"7":{"start":{"line":8,"column":21},"end":{"line":8,"column":45}},"8":{"start":{"line":9,"column":4},"end":{"line":11,"column":5}},"9":{"start":{"line":10,"column":6},"end":{"line":10,"column":37}},"10":{"start":{"line":13,"column":4},"end":{"line":15,"column":5}},"11":{"start":{"line":14,"column":6},"end":{"line":14,"column":37}},"12":{"start":{"line":17,"column":18},"end":{"line":17,"column":29}},"13":{"start":{"line":18,"column":21},"end":{"line":18,"column":39}},"14":{"start":{"line":20,"column":17},"end":{"line":20,"column":49}},"15":{"start":{"line":21,"column":4},"end":{"line":23,"column":5}},"16":{"start":{"line":22,"column":6},"end":{"line":22,"column":36}},"17":{"start":{"line":25,"column":4},"end":{"line":25,"column":20}},"18":{"start":{"line":27,"column":4},"end":{"line":27,"column":11}},"19":{"start":{"line":30,"column":4},"end":{"line":30,"column":16}},"20":{"start":{"line":34,"column":0},"end":{"line":34,"column":33}}},"fnMap":{"0":{"name":"(anonymous_0)","decl":{"start":{"line":3,"column":24},"end":{"line":3,"column":25}},"loc":{"start":{"line":3,"column":50},"end":{"line":32,"column":1}},"line":3}},"branchMap":{"0":{"loc":{"start":{"line":7,"column":4},"end":{"line":7,"column":55}},"type":"if","locations":[{"start":{"line":7,"column":4},"end":{"line":7,"column":55}},{"start":{},"end":{}}],"line":7},"1":{"loc":{"start":{"line":9,"column":4},"end":{"line":11,"column":5}},"type":"if","locations":[{"start":{"line":9,"column":4},"end":{"line":11,"column":5}},{"start":{},"end":{}}],"line":9},"2":{"loc":{"start":{"line":13,"column":4},"end":{"line":15,"column":5}},"type":"if","locations":[{"start":{"line":13,"column":4},"end":{"line":15,"column":5}},{"start":{},"end":{}}],"line":13},"3":{"loc":{"start":{"line":21,"column":4},"end":{"line":23,"column":5}},"type":"if","locations":[{"start":{"line":21,"column":4},"end":{"line":23,"column":5}},{"start":{},"end":{}}],"line":21}},"s":{"0":2,"1":2,"2":2,"3":44,"4":44,"5":44,"6":11,"7":33,"8":33,"9":1,"10":32,"11":1,"12":31,"13":31,"14":31,"15":30,"16":1,"17":29,"18":29,"19":15,"20":2},"f":{"0":44},"b":{"0":[11,33],"1":[1,32],"2":[1,31],"3":[1,29]},"_coverageSchema":"1a1c01bbd47fc00a2c39e90264f33305004495a9","hash":"9603cfcdce4c40b982f1b9b70a26efbfb78b8d3c"}
,"D:\\hacktiv8\\phase 2\\week 3\\personal project\\clash-royale\\server\\middleware\\authorize.js": {"path":"D:\\hacktiv8\\phase 2\\week 3\\personal project\\clash-royale\\server\\middleware\\authorize.js","statementMap":{"0":{"start":{"line":1,"column":17},"end":{"line":1,"column":37}},"1":{"start":{"line":2,"column":18},"end":{"line":13,"column":1}},"2":{"start":{"line":3,"column":2},"end":{"line":12,"column":3}},"3":{"start":{"line":5,"column":4},"end":{"line":8,"column":5}},"4":{"start":{"line":5,"column":35},"end":{"line":5,"column":42}},"5":{"start":{"line":7,"column":6},"end":{"line":7,"column":34}},"6":{"start":{"line":10,"column":4},"end":{"line":10,"column":23}},"7":{"start":{"line":11,"column":4},"end":{"line":11,"column":16}},"8":{"start":{"line":15,"column":0},"end":{"line":15,"column":27}}},"fnMap":{"0":{"name":"(anonymous_0)","decl":{"start":{"line":2,"column":18},"end":{"line":2,"column":19}},"loc":{"start":{"line":2,"column":44},"end":{"line":13,"column":1}},"line":2}},"branchMap":{"0":{"loc":{"start":{"line":5,"column":4},"end":{"line":8,"column":5}},"type":"if","locations":[{"start":{"line":5,"column":4},"end":{"line":8,"column":5}},{"start":{"line":6,"column":9},"end":{"line":8,"column":5}}],"line":5}},"s":{"0":2,"1":2,"2":3,"3":3,"4":2,"5":1,"6":1,"7":1,"8":2},"f":{"0":3},"b":{"0":[2,1]},"_coverageSchema":"1a1c01bbd47fc00a2c39e90264f33305004495a9","hash":"9f028e3c6eb14a7e350da6cc1f79838e2d5da52f"}
,"D:\\hacktiv8\\phase 2\\week 3\\personal project\\clash-royale\\server\\middleware\\errorHandlers.js": {"path":"D:\\hacktiv8\\phase 2\\week 3\\personal project\\clash-royale\\server\\middleware\\errorHandlers.js","statementMap":{"0":{"start":{"line":1,"column":20},"end":{"line":41,"column":1}},"1":{"start":{"line":2,"column":2},"end":{"line":2,"column":19}},"2":{"start":{"line":3,"column":2},"end":{"line":40,"column":3}},"3":{"start":{"line":5,"column":6},"end":{"line":5,"column":63}},"4":{"start":{"line":6,"column":6},"end":{"line":6,"column":12}},"5":{"start":{"line":8,"column":6},"end":{"line":8,"column":60}},"6":{"start":{"line":9,"column":6},"end":{"line":9,"column":12}},"7":{"start":{"line":11,"column":6},"end":{"line":11,"column":64}},"8":{"start":{"line":12,"column":6},"end":{"line":12,"column":12}},"9":{"start":{"line":14,"column":6},"end":{"line":14,"column":66}},"10":{"start":{"line":15,"column":6},"end":{"line":15,"column":12}},"11":{"start":{"line":17,"column":6},"end":{"line":17,"column":88}},"12":{"start":{"line":18,"column":6},"end":{"line":18,"column":12}},"13":{"start":{"line":21,"column":6},"end":{"line":21,"column":63}},"14":{"start":{"line":22,"column":6},"end":{"line":22,"column":12}},"15":{"start":{"line":25,"column":6},"end":{"line":25,"column":57}},"16":{"start":{"line":26,"column":6},"end":{"line":26,"column":12}},"17":{"start":{"line":28,"column":6},"end":{"line":28,"column":58}},"18":{"start":{"line":29,"column":6},"end":{"line":29,"column":12}},"19":{"start":{"line":31,"column":6},"end":{"line":31,"column":53}},"20":{"start":{"line":32,"column":6},"end":{"line":32,"column":12}},"21":{"start":{"line":35,"column":6},"end":{"line":35,"column":53}},"22":{"start":{"line":36,"column":6},"end":{"line":36,"column":12}},"23":{"start":{"line":38,"column":6},"end":{"line":38,"column":65}},"24":{"start":{"line":39,"column":6},"end":{"line":39,"column":12}},"25":{"start":{"line":43,"column":0},"end":{"line":43,"column":29}}},"fnMap":{"0":{"name":"(anonymous_0)","decl":{"start":{"line":1,"column":20},"end":{"line":1,"column":21}},"loc":{"start":{"line":1,"column":51},"end":{"line":41,"column":1}},"line":1}},"branchMap":{"0":{"loc":{"start":{"line":3,"column":2},"end":{"line":40,"column":3}},"type":"switch","locations":[{"start":{"line":4,"column":4},"end":{"line":6,"column":12}},{"start":{"line":7,"column":4},"end":{"line":9,"column":12}},{"start":{"line":10,"column":4},"end":{"line":12,"column":12}},{"start":{"line":13,"column":4},"end":{"line":15,"column":12}},{"start":{"line":16,"column":4},"end":{"line":18,"column":12}},{"start":{"line":20,"column":4},"end":{"line":22,"column":12}},{"start":{"line":23,"column":4},"end":{"line":23,"column":24}},{"start":{"line":24,"column":4},"end":{"line":26,"column":12}},{"start":{"line":27,"column":4},"end":{"line":29,"column":12}},{"start":{"line":30,"column":4},"end":{"line":32,"column":12}},{"start":{"line":34,"column":4},"end":{"line":36,"column":12}},{"start":{"line":37,"column":4},"end":{"line":39,"column":12}}],"line":3}},"s":{"0":2,"1":39,"2":39,"3":2,"4":2,"5":2,"6":2,"7":2,"8":2,"9":1,"10":1,"11":1,"12":1,"13":1,"14":1,"15":13,"16":13,"17":1,"18":1,"19":1,"20":1,"21":4,"22":4,"23":11,"24":11,"25":2},"f":{"0":39},"b":{"0":[2,2,2,1,1,1,13,13,1,1,4,11]},"_coverageSchema":"1a1c01bbd47fc00a2c39e90264f33305004495a9","hash":"40405a8cdcd6cde85c7cdccce1e0de3f2b7b2495"}
,"D:\\hacktiv8\\phase 2\\week 3\\personal project\\clash-royale\\server\\models\\card.js": {"path":"D:\\hacktiv8\\phase 2\\week 3\\personal project\\clash-royale\\server\\models\\card.js","statementMap":{"0":{"start":{"line":2,"column":18},"end":{"line":2,"column":38}},"1":{"start":{"line":3,"column":0},"end":{"line":35,"column":2}},"2":{"start":{"line":15,"column":6},"end":{"line":15,"column":91}},"3":{"start":{"line":18,"column":2},"end":{"line":33,"column":4}},"4":{"start":{"line":34,"column":2},"end":{"line":34,"column":14}}},"fnMap":{"0":{"name":"(anonymous_0)","decl":{"start":{"line":3,"column":17},"end":{"line":3,"column":18}},"loc":{"start":{"line":3,"column":43},"end":{"line":35,"column":1}},"line":3},"1":{"name":"(anonymous_1)","decl":{"start":{"line":10,"column":4},"end":{"line":10,"column":5}},"loc":{"start":{"line":10,"column":29},"end":{"line":16,"column":5}},"line":10}},"branchMap":{},"s":{"0":2,"1":2,"2":2,"3":2,"4":2},"f":{"0":2,"1":2},"b":{},"_coverageSchema":"1a1c01bbd47fc00a2c39e90264f33305004495a9","hash":"832d9a272b717c2fe5ad5cb662a20af2b7adc66d"}
,"D:\\hacktiv8\\phase 2\\week 3\\personal project\\clash-royale\\server\\models\\coin.js": {"path":"D:\\hacktiv8\\phase 2\\week 3\\personal project\\clash-royale\\server\\models\\coin.js","statementMap":{"0":{"start":{"line":2,"column":18},"end":{"line":2,"column":38}},"1":{"start":{"line":3,"column":0},"end":{"line":28,"column":2}},"2":{"start":{"line":12,"column":6},"end":{"line":14,"column":9}},"3":{"start":{"line":17,"column":2},"end":{"line":26,"column":4}},"4":{"start":{"line":27,"column":2},"end":{"line":27,"column":14}}},"fnMap":{"0":{"name":"(anonymous_0)","decl":{"start":{"line":3,"column":17},"end":{"line":3,"column":18}},"loc":{"start":{"line":3,"column":43},"end":{"line":28,"column":1}},"line":3},"1":{"name":"(anonymous_1)","decl":{"start":{"line":10,"column":4},"end":{"line":10,"column":5}},"loc":{"start":{"line":10,"column":29},"end":{"line":15,"column":5}},"line":10}},"branchMap":{},"s":{"0":2,"1":2,"2":2,"3":2,"4":2},"f":{"0":2,"1":2},"b":{},"_coverageSchema":"1a1c01bbd47fc00a2c39e90264f33305004495a9","hash":"af43607671e152499ee5b7f40f00a863cf772a00"}
,"D:\\hacktiv8\\phase 2\\week 3\\personal project\\clash-royale\\server\\models\\index.js": {"path":"D:\\hacktiv8\\phase 2\\week 3\\personal project\\clash-royale\\server\\models\\index.js","statementMap":{"0":{"start":{"line":3,"column":11},"end":{"line":3,"column":24}},"1":{"start":{"line":4,"column":13},"end":{"line":4,"column":28}},"2":{"start":{"line":5,"column":18},"end":{"line":5,"column":38}},"3":{"start":{"line":6,"column":16},"end":{"line":6,"column":34}},"4":{"start":{"line":7,"column":17},"end":{"line":7,"column":42}},"5":{"start":{"line":8,"column":12},"end":{"line":8,"column":49}},"6":{"start":{"line":9,"column":15},"end":{"line":9,"column":65}},"7":{"start":{"line":10,"column":11},"end":{"line":10,"column":13}},"8":{"start":{"line":13,"column":0},"end":{"line":17,"column":1}},"9":{"start":{"line":14,"column":2},"end":{"line":14,"column":74}},"10":{"start":{"line":16,"column":2},"end":{"line":16,"column":87}},"11":{"start":{"line":19,"column":0},"end":{"line":32,"column":5}},"12":{"start":{"line":22,"column":4},"end":{"line":27,"column":6}},"13":{"start":{"line":30,"column":18},"end":{"line":30,"column":85}},"14":{"start":{"line":31,"column":4},"end":{"line":31,"column":27}},"15":{"start":{"line":34,"column":0},"end":{"line":38,"column":3}},"16":{"start":{"line":35,"column":2},"end":{"line":37,"column":3}},"17":{"start":{"line":36,"column":4},"end":{"line":36,"column":32}},"18":{"start":{"line":40,"column":0},"end":{"line":40,"column":25}},"19":{"start":{"line":41,"column":0},"end":{"line":41,"column":25}},"20":{"start":{"line":43,"column":0},"end":{"line":43,"column":20}}},"fnMap":{"0":{"name":"(anonymous_0)","decl":{"start":{"line":21,"column":10},"end":{"line":21,"column":11}},"loc":{"start":{"line":21,"column":18},"end":{"line":28,"column":3}},"line":21},"1":{"name":"(anonymous_1)","decl":{"start":{"line":29,"column":11},"end":{"line":29,"column":12}},"loc":{"start":{"line":29,"column":19},"end":{"line":32,"column":3}},"line":29},"2":{"name":"(anonymous_2)","decl":{"start":{"line":34,"column":24},"end":{"line":34,"column":25}},"loc":{"start":{"line":34,"column":37},"end":{"line":38,"column":1}},"line":34}},"branchMap":{"0":{"loc":{"start":{"line":8,"column":12},"end":{"line":8,"column":49}},"type":"binary-expr","locations":[{"start":{"line":8,"column":12},"end":{"line":8,"column":32}},{"start":{"line":8,"column":36},"end":{"line":8,"column":49}}],"line":8},"1":{"loc":{"start":{"line":13,"column":0},"end":{"line":17,"column":1}},"type":"if","locations":[{"start":{"line":13,"column":0},"end":{"line":17,"column":1}},{"start":{"line":15,"column":7},"end":{"line":17,"column":1}}],"line":13},"2":{"loc":{"start":{"line":23,"column":6},"end":{"line":26,"column":37}},"type":"binary-expr","locations":[{"start":{"line":23,"column":6},"end":{"line":23,"column":29}},{"start":{"line":24,"column":6},"end":{"line":24,"column":23}},{"start":{"line":25,"column":6},"end":{"line":25,"column":30}},{"start":{"line":26,"column":6},"end":{"line":26,"column":37}}],"line":23},"3":{"loc":{"start":{"line":35,"column":2},"end":{"line":37,"column":3}},"type":"if","locations":[{"start":{"line":35,"column":2},"end":{"line":37,"column":3}},{"start":{},"end":{}}],"line":35}},"s":{"0":2,"1":2,"2":2,"3":2,"4":2,"5":2,"6":2,"7":2,"8":2,"9":0,"10":2,"11":2,"12":12,"13":10,"14":10,"15":2,"16":10,"17":10,"18":2,"19":2,"20":2},"f":{"0":12,"1":10,"2":10},"b":{"0":[2,0],"1":[0,2],"2":[12,12,10,10],"3":[10,0]},"_coverageSchema":"1a1c01bbd47fc00a2c39e90264f33305004495a9","hash":"ac559461ced1aabdf7ab0c12f42c4200ab5abda2"}
,"D:\\hacktiv8\\phase 2\\week 3\\personal project\\clash-royale\\server\\models\\inventory.js": {"path":"D:\\hacktiv8\\phase 2\\week 3\\personal project\\clash-royale\\server\\models\\inventory.js","statementMap":{"0":{"start":{"line":2,"column":18},"end":{"line":2,"column":38}},"1":{"start":{"line":3,"column":0},"end":{"line":27,"column":2}},"2":{"start":{"line":16,"column":2},"end":{"line":25,"column":4}},"3":{"start":{"line":26,"column":2},"end":{"line":26,"column":19}}},"fnMap":{"0":{"name":"(anonymous_0)","decl":{"start":{"line":3,"column":17},"end":{"line":3,"column":18}},"loc":{"start":{"line":3,"column":43},"end":{"line":27,"column":1}},"line":3},"1":{"name":"(anonymous_1)","decl":{"start":{"line":10,"column":4},"end":{"line":10,"column":5}},"loc":{"start":{"line":10,"column":29},"end":{"line":14,"column":5}},"line":10}},"branchMap":{},"s":{"0":2,"1":2,"2":2,"3":2},"f":{"0":2,"1":2},"b":{},"_coverageSchema":"1a1c01bbd47fc00a2c39e90264f33305004495a9","hash":"d0aa7e71ce9dad11e8f135723ae86256074c13bc"}
,"D:\\hacktiv8\\phase 2\\week 3\\personal project\\clash-royale\\server\\models\\order.js": {"path":"D:\\hacktiv8\\phase 2\\week 3\\personal project\\clash-royale\\server\\models\\order.js","statementMap":{"0":{"start":{"line":2,"column":18},"end":{"line":2,"column":38}},"1":{"start":{"line":3,"column":0},"end":{"line":35,"column":2}},"2":{"start":{"line":12,"column":6},"end":{"line":14,"column":9}},"3":{"start":{"line":15,"column":6},"end":{"line":17,"column":9}},"4":{"start":{"line":20,"column":2},"end":{"line":33,"column":4}},"5":{"start":{"line":34,"column":2},"end":{"line":34,"column":15}}},"fnMap":{"0":{"name":"(anonymous_0)","decl":{"start":{"line":3,"column":17},"end":{"line":3,"column":18}},"loc":{"start":{"line":3,"column":43},"end":{"line":35,"column":1}},"line":3},"1":{"name":"(anonymous_1)","decl":{"start":{"line":10,"column":4},"end":{"line":10,"column":5}},"loc":{"start":{"line":10,"column":29},"end":{"line":18,"column":5}},"line":10}},"branchMap":{},"s":{"0":2,"1":2,"2":2,"3":2,"4":2,"5":2},"f":{"0":2,"1":2},"b":{},"_coverageSchema":"1a1c01bbd47fc00a2c39e90264f33305004495a9","hash":"208f93b07d56c6b6295a6f97fd7f4f393fe03e10"}
,"D:\\hacktiv8\\phase 2\\week 3\\personal project\\clash-royale\\server\\models\\user.js": {"path":"D:\\hacktiv8\\phase 2\\week 3\\personal project\\clash-royale\\server\\models\\user.js","statementMap":{"0":{"start":{"line":2,"column":18},"end":{"line":2,"column":38}},"1":{"start":{"line":3,"column":20},"end":{"line":3,"column":50}},"2":{"start":{"line":5,"column":0},"end":{"line":69,"column":2}},"3":{"start":{"line":14,"column":6},"end":{"line":14,"column":91}},"4":{"start":{"line":16,"column":6},"end":{"line":18,"column":9}},"5":{"start":{"line":21,"column":2},"end":{"line":63,"column":4}},"6":{"start":{"line":65,"column":2},"end":{"line":67,"column":5}},"7":{"start":{"line":66,"column":4},"end":{"line":66,"column":51}},"8":{"start":{"line":68,"column":2},"end":{"line":68,"column":14}}},"fnMap":{"0":{"name":"(anonymous_0)","decl":{"start":{"line":5,"column":17},"end":{"line":5,"column":18}},"loc":{"start":{"line":5,"column":43},"end":{"line":69,"column":1}},"line":5},"1":{"name":"(anonymous_1)","decl":{"start":{"line":12,"column":4},"end":{"line":12,"column":5}},"loc":{"start":{"line":12,"column":29},"end":{"line":19,"column":5}},"line":12},"2":{"name":"(anonymous_2)","decl":{"start":{"line":65,"column":31},"end":{"line":65,"column":32}},"loc":{"start":{"line":65,"column":54},"end":{"line":67,"column":3}},"line":65}},"branchMap":{},"s":{"0":2,"1":2,"2":2,"3":2,"4":2,"5":2,"6":2,"7":4,"8":2},"f":{"0":2,"1":2,"2":4},"b":{},"_coverageSchema":"1a1c01bbd47fc00a2c39e90264f33305004495a9","hash":"481f7ba23648f1e3d5e6bc44b7cce798f7ddee49"}
,"D:\\hacktiv8\\phase 2\\week 3\\personal project\\clash-royale\\server\\router\\auth.js": {"path":"D:\\hacktiv8\\phase 2\\week 3\\personal project\\clash-royale\\server\\router\\auth.js","statementMap":{"0":{"start":{"line":1,"column":16},"end":{"line":1,"column":34}},"1":{"start":{"line":2,"column":15},"end":{"line":2,"column":31}},"2":{"start":{"line":4,"column":20},"end":{"line":4,"column":56}},"3":{"start":{"line":6,"column":0},"end":{"line":6,"column":41}},"4":{"start":{"line":7,"column":0},"end":{"line":7,"column":53}},"5":{"start":{"line":8,"column":0},"end":{"line":8,"column":47}},"6":{"start":{"line":10,"column":0},"end":{"line":10,"column":24}}},"fnMap":{},"branchMap":{},"s":{"0":2,"1":2,"2":2,"3":2,"4":2,"5":2,"6":2},"f":{},"b":{},"_coverageSchema":"1a1c01bbd47fc00a2c39e90264f33305004495a9","hash":"d9ef7e8c9ae6e093a54debd8cf05272c7e11cc0f"}
,"D:\\hacktiv8\\phase 2\\week 3\\personal project\\clash-royale\\server\\router\\main.js": {"path":"D:\\hacktiv8\\phase 2\\week 3\\personal project\\clash-royale\\server\\router\\main.js","statementMap":{"0":{"start":{"line":1,"column":16},"end":{"line":1,"column":34}},"1":{"start":{"line":2,"column":15},"end":{"line":2,"column":31}},"2":{"start":{"line":4,"column":20},"end":{"line":4,"column":56}},"3":{"start":{"line":6,"column":18},"end":{"line":6,"column":52}},"4":{"start":{"line":8,"column":0},"end":{"line":8,"column":38}},"5":{"start":{"line":9,"column":0},"end":{"line":9,"column":42}},"6":{"start":{"line":10,"column":0},"end":{"line":10,"column":48}},"7":{"start":{"line":11,"column":0},"end":{"line":11,"column":43}},"8":{"start":{"line":12,"column":0},"end":{"line":12,"column":44}},"9":{"start":{"line":13,"column":0},"end":{"line":13,"column":46}},"10":{"start":{"line":14,"column":0},"end":{"line":14,"column":45}},"11":{"start":{"line":16,"column":0},"end":{"line":16,"column":67}},"12":{"start":{"line":18,"column":0},"end":{"line":18,"column":53}},"13":{"start":{"line":19,"column":0},"end":{"line":19,"column":51}},"14":{"start":{"line":20,"column":0},"end":{"line":20,"column":44}},"15":{"start":{"line":21,"column":0},"end":{"line":21,"column":64}},"16":{"start":{"line":23,"column":0},"end":{"line":23,"column":24}}},"fnMap":{},"branchMap":{},"s":{"0":2,"1":2,"2":2,"3":2,"4":2,"5":2,"6":2,"7":2,"8":2,"9":2,"10":2,"11":2,"12":2,"13":2,"14":2,"15":2,"16":2},"f":{},"b":{},"_coverageSchema":"1a1c01bbd47fc00a2c39e90264f33305004495a9","hash":"b44e4e809533cfe9c989cf1ce62d4585f935877f"}
,"D:\\hacktiv8\\phase 2\\week 3\\personal project\\clash-royale\\server\\router\\midtrans.js": {"path":"D:\\hacktiv8\\phase 2\\week 3\\personal project\\clash-royale\\server\\router\\midtrans.js","statementMap":{"0":{"start":{"line":1,"column":16},"end":{"line":1,"column":34}},"1":{"start":{"line":2,"column":15},"end":{"line":2,"column":31}},"2":{"start":{"line":4,"column":20},"end":{"line":4,"column":56}},"3":{"start":{"line":6,"column":0},"end":{"line":6,"column":74}},"4":{"start":{"line":8,"column":0},"end":{"line":8,"column":24}}},"fnMap":{},"branchMap":{},"s":{"0":2,"1":2,"2":2,"3":2,"4":2},"f":{},"b":{},"_coverageSchema":"1a1c01bbd47fc00a2c39e90264f33305004495a9","hash":"1c9832f2642e55611e9f1caf0b932a583ff2a0bb"}
}
