{"D:\\hacktiv8\\phase 2\\week 3\\personal project\\clash-royale\\server\\app.js": {"path":"D:\\hacktiv8\\phase 2\\week 3\\personal project\\clash-royale\\server\\app.js","statementMap":{"0":{"start":{"line":1,"column":0},"end":{"line":1,"column":27}},"1":{"start":{"line":2,"column":16},"end":{"line":2,"column":34}},"2":{"start":{"line":3,"column":12},"end":{"line":3,"column":21}},"3":{"start":{"line":5,"column":20},"end":{"line":5,"column":57}},"4":{"start":{"line":6,"column":24},"end":{"line":6,"column":62}},"5":{"start":{"line":8,"column":13},"end":{"line":8,"column":37}},"6":{"start":{"line":9,"column":13},"end":{"line":9,"column":37}},"7":{"start":{"line":10,"column":17},"end":{"line":10,"column":45}},"8":{"start":{"line":13,"column":13},"end":{"line":13,"column":28}},"9":{"start":{"line":14,"column":0},"end":{"line":14,"column":16}},"10":{"start":{"line":16,"column":0},"end":{"line":16,"column":24}},"11":{"start":{"line":19,"column":0},"end":{"line":19,"column":23}},"12":{"start":{"line":22,"column":0},"end":{"line":22,"column":19}},"13":{"start":{"line":25,"column":0},"end":{"line":25,"column":25}},"14":{"start":{"line":27,"column":0},"end":{"line":27,"column":19}},"15":{"start":{"line":30,"column":0},"end":{"line":30,"column":21}},"16":{"start":{"line":32,"column":0},"end":{"line":32,"column":21}}},"fnMap":{},"branchMap":{},"s":{"0":2,"1":2,"2":2,"3":2,"4":2,"5":2,"6":2,"7":2,"8":2,"9":2,"10":2,"11":2,"12":2,"13":2,"14":2,"15":2,"16":2},"f":{},"b":{},"_coverageSchema":"1a1c01bbd47fc00a2c39e90264f33305004495a9","hash":"5534be6a2dd39fafaedfbddc4a9b55becc974025"}
,"D:\\hacktiv8\\phase 2\\week 3\\personal project\\clash-royale\\server\\controllers\\controller.js": {"path":"D:\\hacktiv8\\phase 2\\week 3\\personal project\\clash-royale\\server\\controllers\\controller.js","statementMap":{"0":{"start":{"line":1,"column":47},"end":{"line":1,"column":67}},"1":{"start":{"line":2,"column":29},"end":{"line":2,"column":59}},"2":{"start":{"line":3,"column":37},"end":{"line":3,"column":61}},"3":{"start":{"line":4,"column":25},"end":{"line":4,"column":55}},"4":{"start":{"line":6,"column":23},"end":{"line":6,"column":49}},"5":{"start":{"line":11,"column":4},"end":{"line":34,"column":5}},"6":{"start":{"line":12,"column":34},"end":{"line":12,"column":42}},"7":{"start":{"line":14,"column":6},"end":{"line":14,"column":49}},"8":{"start":{"line":14,"column":18},"end":{"line":14,"column":49}},"9":{"start":{"line":15,"column":6},"end":{"line":15,"column":55}},"10":{"start":{"line":15,"column":21},"end":{"line":15,"column":55}},"11":{"start":{"line":17,"column":19},"end":{"line":21,"column":8}},"12":{"start":{"line":23,"column":6},"end":{"line":23,"column":51}},"13":{"start":{"line":23,"column":17},"end":{"line":23,"column":51}},"14":{"start":{"line":25,"column":23},"end":{"line":25,"column":55}},"15":{"start":{"line":26,"column":6},"end":{"line":26,"column":55}},"16":{"start":{"line":26,"column":21},"end":{"line":26,"column":55}},"17":{"start":{"line":28,"column":20},"end":{"line":28,"column":48}},"18":{"start":{"line":30,"column":6},"end":{"line":30,"column":38}},"19":{"start":{"line":32,"column":6},"end":{"line":32,"column":25}},"20":{"start":{"line":33,"column":6},"end":{"line":33,"column":18}},"21":{"start":{"line":39,"column":4},"end":{"line":50,"column":5}},"22":{"start":{"line":40,"column":44},"end":{"line":40,"column":52}},"23":{"start":{"line":42,"column":6},"end":{"line":42,"column":49}},"24":{"start":{"line":42,"column":18},"end":{"line":42,"column":49}},"25":{"start":{"line":43,"column":6},"end":{"line":43,"column":55}},"26":{"start":{"line":43,"column":21},"end":{"line":43,"column":55}},"27":{"start":{"line":44,"column":19},"end":{"line":44,"column":67}},"28":{"start":{"line":46,"column":6},"end":{"line":46,"column":37}},"29":{"start":{"line":48,"column":6},"end":{"line":48,"column":30}},"30":{"start":{"line":49,"column":6},"end":{"line":49,"column":18}},"31":{"start":{"line":55,"column":4},"end":{"line":65,"column":5}},"32":{"start":{"line":56,"column":19},"end":{"line":59,"column":8}},"33":{"start":{"line":61,"column":6},"end":{"line":61,"column":33}},"34":{"start":{"line":63,"column":6},"end":{"line":63,"column":25}},"35":{"start":{"line":64,"column":6},"end":{"line":64,"column":18}},"36":{"start":{"line":70,"column":4},"end":{"line":77,"column":5}},"37":{"start":{"line":71,"column":19},"end":{"line":71,"column":39}},"38":{"start":{"line":73,"column":6},"end":{"line":73,"column":33}},"39":{"start":{"line":75,"column":6},"end":{"line":75,"column":25}},"40":{"start":{"line":76,"column":6},"end":{"line":76,"column":18}},"41":{"start":{"line":82,"column":4},"end":{"line":96,"column":5}},"42":{"start":{"line":83,"column":21},"end":{"line":83,"column":31}},"43":{"start":{"line":85,"column":19},"end":{"line":89,"column":8}},"44":{"start":{"line":90,"column":6},"end":{"line":90,"column":44}},"45":{"start":{"line":90,"column":17},"end":{"line":90,"column":44}},"46":{"start":{"line":92,"column":6},"end":{"line":92,"column":33}},"47":{"start":{"line":94,"column":6},"end":{"line":94,"column":25}},"48":{"start":{"line":95,"column":6},"end":{"line":95,"column":18}},"49":{"start":{"line":101,"column":4},"end":{"line":122,"column":5}},"50":{"start":{"line":102,"column":21},"end":{"line":102,"column":31}},"51":{"start":{"line":103,"column":6},"end":{"line":103,"column":22}},"52":{"start":{"line":105,"column":19},"end":{"line":109,"column":8}},"53":{"start":{"line":110,"column":6},"end":{"line":110,"column":44}},"54":{"start":{"line":110,"column":17},"end":{"line":110,"column":44}},"55":{"start":{"line":112,"column":6},"end":{"line":116,"column":9}},"56":{"start":{"line":118,"column":6},"end":{"line":118,"column":81}},"57":{"start":{"line":120,"column":6},"end":{"line":120,"column":25}},"58":{"start":{"line":121,"column":6},"end":{"line":121,"column":18}},"59":{"start":{"line":127,"column":4},"end":{"line":143,"column":5}},"60":{"start":{"line":128,"column":21},"end":{"line":128,"column":29}},"61":{"start":{"line":129,"column":19},"end":{"line":136,"column":8}},"62":{"start":{"line":137,"column":6},"end":{"line":137,"column":24}},"63":{"start":{"line":139,"column":6},"end":{"line":139,"column":33}},"64":{"start":{"line":141,"column":6},"end":{"line":141,"column":76}},"65":{"start":{"line":142,"column":6},"end":{"line":142,"column":18}},"66":{"start":{"line":148,"column":4},"end":{"line":190,"column":5}},"67":{"start":{"line":149,"column":21},"end":{"line":149,"column":31}},"68":{"start":{"line":151,"column":19},"end":{"line":151,"column":42}},"69":{"start":{"line":152,"column":6},"end":{"line":152,"column":44}},"70":{"start":{"line":152,"column":17},"end":{"line":152,"column":44}},"71":{"start":{"line":153,"column":19},"end":{"line":153,"column":51}},"72":{"start":{"line":156,"column":24},"end":{"line":166,"column":8}},"73":{"start":{"line":168,"column":6},"end":{"line":186,"column":7}},"74":{"start":{"line":169,"column":22},"end":{"line":169,"column":50}},"75":{"start":{"line":170,"column":8},"end":{"line":183,"column":9}},"76":{"start":{"line":170,"column":24},"end":{"line":170,"column":52}},"77":{"start":{"line":173,"column":10},"end":{"line":180,"column":12}},"78":{"start":{"line":181,"column":23},"end":{"line":181,"column":82}},"79":{"start":{"line":182,"column":10},"end":{"line":182,"column":41}},"80":{"start":{"line":185,"column":8},"end":{"line":185,"column":40}},"81":{"start":{"line":188,"column":6},"end":{"line":188,"column":25}},"82":{"start":{"line":189,"column":6},"end":{"line":189,"column":18}},"83":{"start":{"line":195,"column":4},"end":{"line":202,"column":5}},"84":{"start":{"line":196,"column":19},"end":{"line":196,"column":39}},"85":{"start":{"line":198,"column":6},"end":{"line":198,"column":33}},"86":{"start":{"line":200,"column":6},"end":{"line":200,"column":25}},"87":{"start":{"line":201,"column":6},"end":{"line":201,"column":18}},"88":{"start":{"line":207,"column":4},"end":{"line":219,"column":5}},"89":{"start":{"line":208,"column":20},"end":{"line":212,"column":8}},"90":{"start":{"line":215,"column":6},"end":{"line":215,"column":34}},"91":{"start":{"line":217,"column":6},"end":{"line":217,"column":25}},"92":{"start":{"line":218,"column":6},"end":{"line":218,"column":18}},"93":{"start":{"line":224,"column":4},"end":{"line":238,"column":5}},"94":{"start":{"line":225,"column":25},"end":{"line":225,"column":35}},"95":{"start":{"line":226,"column":6},"end":{"line":226,"column":43}},"96":{"start":{"line":228,"column":23},"end":{"line":228,"column":50}},"97":{"start":{"line":229,"column":6},"end":{"line":229,"column":48}},"98":{"start":{"line":229,"column":21},"end":{"line":229,"column":48}},"99":{"start":{"line":231,"column":20},"end":{"line":231,"column":71}},"100":{"start":{"line":234,"column":6},"end":{"line":234,"column":34}},"101":{"start":{"line":236,"column":6},"end":{"line":236,"column":25}},"102":{"start":{"line":237,"column":6},"end":{"line":237,"column":18}},"103":{"start":{"line":243,"column":4},"end":{"line":249,"column":5}},"104":{"start":{"line":244,"column":19},"end":{"line":244,"column":51}},"105":{"start":{"line":245,"column":6},"end":{"line":245,"column":33}},"106":{"start":{"line":247,"column":6},"end":{"line":247,"column":25}},"107":{"start":{"line":248,"column":6},"end":{"line":248,"column":18}},"108":{"start":{"line":254,"column":4},"end":{"line":274,"column":5}},"109":{"start":{"line":255,"column":6},"end":{"line":255,"column":38}},"110":{"start":{"line":256,"column":6},"end":{"line":256,"column":39}},"111":{"start":{"line":258,"column":27},"end":{"line":258,"column":35}},"112":{"start":{"line":260,"column":25},"end":{"line":267,"column":7}},"113":{"start":{"line":270,"column":6},"end":{"line":270,"column":68}},"114":{"start":{"line":272,"column":6},"end":{"line":272,"column":25}},"115":{"start":{"line":273,"column":6},"end":{"line":273,"column":18}},"116":{"start":{"line":279,"column":4},"end":{"line":312,"column":5}},"117":{"start":{"line":280,"column":17},"end":{"line":284,"column":8}},"118":{"start":{"line":286,"column":20},"end":{"line":295,"column":8}},"119":{"start":{"line":298,"column":22},"end":{"line":305,"column":7}},"120":{"start":{"line":307,"column":23},"end":{"line":307,"column":62}},"121":{"start":{"line":308,"column":6},"end":{"line":308,"column":25}},"122":{"start":{"line":310,"column":6},"end":{"line":310,"column":25}},"123":{"start":{"line":311,"column":6},"end":{"line":311,"column":18}},"124":{"start":{"line":317,"column":4},"end":{"line":378,"column":5}},"125":{"start":{"line":319,"column":61},"end":{"line":319,"column":69}},"126":{"start":{"line":320,"column":29},"end":{"line":354,"column":7}},"127":{"start":{"line":321,"column":8},"end":{"line":353,"column":9}},"128":{"start":{"line":322,"column":24},"end":{"line":330,"column":11}},"129":{"start":{"line":333,"column":25},"end":{"line":333,"column":43}},"130":{"start":{"line":334,"column":25},"end":{"line":334,"column":43}},"131":{"start":{"line":335,"column":23},"end":{"line":335,"column":50}},"132":{"start":{"line":336,"column":23},"end":{"line":336,"column":50}},"133":{"start":{"line":338,"column":25},"end":{"line":338,"column":50}},"134":{"start":{"line":339,"column":10},"end":{"line":339,"column":48}},"135":{"start":{"line":340,"column":10},"end":{"line":340,"column":30}},"136":{"start":{"line":341,"column":10},"end":{"line":341,"column":51}},"137":{"start":{"line":343,"column":10},"end":{"line":350,"column":12}},"138":{"start":{"line":352,"column":10},"end":{"line":352,"column":29}},"139":{"start":{"line":357,"column":6},"end":{"line":372,"column":7}},"140":{"start":{"line":358,"column":8},"end":{"line":360,"column":9}},"141":{"start":{"line":359,"column":10},"end":{"line":359,"column":33}},"142":{"start":{"line":361,"column":13},"end":{"line":372,"column":7}},"143":{"start":{"line":362,"column":8},"end":{"line":362,"column":31}},"144":{"start":{"line":363,"column":13},"end":{"line":372,"column":7}},"145":{"start":{"line":364,"column":8},"end":{"line":371,"column":10}},"146":{"start":{"line":374,"column":6},"end":{"line":374,"column":26}},"147":{"start":{"line":376,"column":6},"end":{"line":376,"column":25}},"148":{"start":{"line":377,"column":6},"end":{"line":377,"column":18}},"149":{"start":{"line":384,"column":28},"end":{"line":384,"column":41}},"150":{"start":{"line":387,"column":4},"end":{"line":420,"column":5}},"151":{"start":{"line":388,"column":21},"end":{"line":388,"column":39}},"152":{"start":{"line":389,"column":21},"end":{"line":392,"column":8}},"153":{"start":{"line":395,"column":29},"end":{"line":395,"column":43}},"154":{"start":{"line":397,"column":17},"end":{"line":399,"column":8}},"155":{"start":{"line":400,"column":6},"end":{"line":412,"column":7}},"156":{"start":{"line":401,"column":8},"end":{"line":410,"column":10}},"157":{"start":{"line":414,"column":20},"end":{"line":414,"column":48}},"158":{"start":{"line":416,"column":6},"end":{"line":416,"column":38}},"159":{"start":{"line":418,"column":6},"end":{"line":418,"column":25}},"160":{"start":{"line":419,"column":6},"end":{"line":419,"column":18}},"161":{"start":{"line":424,"column":0},"end":{"line":424,"column":29}}},"fnMap":{"0":{"name":"(anonymous_0)","decl":{"start":{"line":10,"column":2},"end":{"line":10,"column":3}},"loc":{"start":{"line":10,"column":37},"end":{"line":35,"column":3}},"line":10},"1":{"name":"(anonymous_1)","decl":{"start":{"line":38,"column":2},"end":{"line":38,"column":3}},"loc":{"start":{"line":38,"column":40},"end":{"line":51,"column":3}},"line":38},"2":{"name":"(anonymous_2)","decl":{"start":{"line":54,"column":2},"end":{"line":54,"column":3}},"loc":{"start":{"line":54,"column":40},"end":{"line":66,"column":3}},"line":54},"3":{"name":"(anonymous_3)","decl":{"start":{"line":69,"column":2},"end":{"line":69,"column":3}},"loc":{"start":{"line":69,"column":38},"end":{"line":78,"column":3}},"line":69},"4":{"name":"(anonymous_4)","decl":{"start":{"line":81,"column":2},"end":{"line":81,"column":3}},"loc":{"start":{"line":81,"column":38},"end":{"line":97,"column":3}},"line":81},"5":{"name":"(anonymous_5)","decl":{"start":{"line":100,"column":2},"end":{"line":100,"column":3}},"loc":{"start":{"line":100,"column":42},"end":{"line":123,"column":3}},"line":100},"6":{"name":"(anonymous_6)","decl":{"start":{"line":126,"column":2},"end":{"line":126,"column":3}},"loc":{"start":{"line":126,"column":41},"end":{"line":144,"column":3}},"line":126},"7":{"name":"(anonymous_7)","decl":{"start":{"line":147,"column":2},"end":{"line":147,"column":3}},"loc":{"start":{"line":147,"column":39},"end":{"line":191,"column":3}},"line":147},"8":{"name":"(anonymous_8)","decl":{"start":{"line":194,"column":2},"end":{"line":194,"column":3}},"loc":{"start":{"line":194,"column":41},"end":{"line":203,"column":3}},"line":194},"9":{"name":"(anonymous_9)","decl":{"start":{"line":206,"column":2},"end":{"line":206,"column":3}},"loc":{"start":{"line":206,"column":42},"end":{"line":220,"column":3}},"line":206},"10":{"name":"(anonymous_10)","decl":{"start":{"line":223,"column":2},"end":{"line":223,"column":3}},"loc":{"start":{"line":223,"column":40},"end":{"line":239,"column":3}},"line":223},"11":{"name":"(anonymous_11)","decl":{"start":{"line":242,"column":2},"end":{"line":242,"column":3}},"loc":{"start":{"line":242,"column":40},"end":{"line":250,"column":3}},"line":242},"12":{"name":"(anonymous_12)","decl":{"start":{"line":253,"column":2},"end":{"line":253,"column":3}},"loc":{"start":{"line":253,"column":42},"end":{"line":275,"column":3}},"line":253},"13":{"name":"(anonymous_13)","decl":{"start":{"line":278,"column":2},"end":{"line":278,"column":3}},"loc":{"start":{"line":278,"column":48},"end":{"line":313,"column":3}},"line":278},"14":{"name":"(anonymous_14)","decl":{"start":{"line":316,"column":2},"end":{"line":316,"column":3}},"loc":{"start":{"line":316,"column":45},"end":{"line":379,"column":3}},"line":316},"15":{"name":"(anonymous_15)","decl":{"start":{"line":320,"column":29},"end":{"line":320,"column":30}},"loc":{"start":{"line":320,"column":41},"end":{"line":354,"column":7}},"line":320},"16":{"name":"(anonymous_16)","decl":{"start":{"line":382,"column":2},"end":{"line":382,"column":3}},"loc":{"start":{"line":382,"column":43},"end":{"line":421,"column":3}},"line":382}},"branchMap":{"0":{"loc":{"start":{"line":14,"column":6},"end":{"line":14,"column":49}},"type":"if","locations":[{"start":{"line":14,"column":6},"end":{"line":14,"column":49}},{"start":{},"end":{}}],"line":14},"1":{"loc":{"start":{"line":15,"column":6},"end":{"line":15,"column":55}},"type":"if","locations":[{"start":{"line":15,"column":6},"end":{"line":15,"column":55}},{"start":{},"end":{}}],"line":15},"2":{"loc":{"start":{"line":23,"column":6},"end":{"line":23,"column":51}},"type":"if","locations":[{"start":{"line":23,"column":6},"end":{"line":23,"column":51}},{"start":{},"end":{}}],"line":23},"3":{"loc":{"start":{"line":26,"column":6},"end":{"line":26,"column":55}},"type":"if","locations":[{"start":{"line":26,"column":6},"end":{"line":26,"column":55}},{"start":{},"end":{}}],"line":26},"4":{"loc":{"start":{"line":42,"column":6},"end":{"line":42,"column":49}},"type":"if","locations":[{"start":{"line":42,"column":6},"end":{"line":42,"column":49}},{"start":{},"end":{}}],"line":42},"5":{"loc":{"start":{"line":43,"column":6},"end":{"line":43,"column":55}},"type":"if","locations":[{"start":{"line":43,"column":6},"end":{"line":43,"column":55}},{"start":{},"end":{}}],"line":43},"6":{"loc":{"start":{"line":90,"column":6},"end":{"line":90,"column":44}},"type":"if","locations":[{"start":{"line":90,"column":6},"end":{"line":90,"column":44}},{"start":{},"end":{}}],"line":90},"7":{"loc":{"start":{"line":110,"column":6},"end":{"line":110,"column":44}},"type":"if","locations":[{"start":{"line":110,"column":6},"end":{"line":110,"column":44}},{"start":{},"end":{}}],"line":110},"8":{"loc":{"start":{"line":152,"column":6},"end":{"line":152,"column":44}},"type":"if","locations":[{"start":{"line":152,"column":6},"end":{"line":152,"column":44}},{"start":{},"end":{}}],"line":152},"9":{"loc":{"start":{"line":168,"column":6},"end":{"line":186,"column":7}},"type":"if","locations":[{"start":{"line":168,"column":6},"end":{"line":186,"column":7}},{"start":{"line":184,"column":13},"end":{"line":186,"column":7}}],"line":168},"10":{"loc":{"start":{"line":170,"column":8},"end":{"line":183,"column":9}},"type":"if","locations":[{"start":{"line":170,"column":8},"end":{"line":183,"column":9}},{"start":{"line":171,"column":13},"end":{"line":183,"column":9}}],"line":170},"11":{"loc":{"start":{"line":229,"column":6},"end":{"line":229,"column":48}},"type":"if","locations":[{"start":{"line":229,"column":6},"end":{"line":229,"column":48}},{"start":{},"end":{}}],"line":229},"12":{"loc":{"start":{"line":357,"column":6},"end":{"line":372,"column":7}},"type":"if","locations":[{"start":{"line":357,"column":6},"end":{"line":372,"column":7}},{"start":{"line":361,"column":13},"end":{"line":372,"column":7}}],"line":357},"13":{"loc":{"start":{"line":358,"column":8},"end":{"line":360,"column":9}},"type":"if","locations":[{"start":{"line":358,"column":8},"end":{"line":360,"column":9}},{"start":{},"end":{}}],"line":358},"14":{"loc":{"start":{"line":361,"column":13},"end":{"line":372,"column":7}},"type":"if","locations":[{"start":{"line":361,"column":13},"end":{"line":372,"column":7}},{"start":{"line":363,"column":13},"end":{"line":372,"column":7}}],"line":361},"15":{"loc":{"start":{"line":363,"column":13},"end":{"line":372,"column":7}},"type":"if","locations":[{"start":{"line":363,"column":13},"end":{"line":372,"column":7}},{"start":{},"end":{}}],"line":363},"16":{"loc":{"start":{"line":363,"column":17},"end":{"line":363,"column":113}},"type":"binary-expr","locations":[{"start":{"line":363,"column":17},"end":{"line":363,"column":47}},{"start":{"line":363,"column":51},"end":{"line":363,"column":79}},{"start":{"line":363,"column":83},"end":{"line":363,"column":113}}],"line":363},"17":{"loc":{"start":{"line":400,"column":6},"end":{"line":412,"column":7}},"type":"if","locations":[{"start":{"line":400,"column":6},"end":{"line":412,"column":7}},{"start":{},"end":{}}],"line":400}},"s":{"0":2,"1":2,"2":2,"3":2,"4":2,"5":5,"6":5,"7":5,"8":1,"9":4,"10":1,"11":3,"12":3,"13":1,"14":2,"15":2,"16":0,"17":2,"18":2,"19":3,"20":3,"21":3,"22":3,"23":3,"24":1,"25":2,"26":1,"27":1,"28":1,"29":2,"30":2,"31":0,"32":0,"33":0,"34":0,"35":0,"36":0,"37":0,"38":0,"39":0,"40":0,"41":0,"42":0,"43":0,"44":0,"45":0,"46":0,"47":0,"48":0,"49":0,"50":0,"51":0,"52":0,"53":0,"54":0,"55":0,"56":0,"57":0,"58":0,"59":0,"60":0,"61":0,"62":0,"63":0,"64":0,"65":0,"66":0,"67":0,"68":0,"69":0,"70":0,"71":0,"72":0,"73":0,"74":0,"75":0,"76":0,"77":0,"78":0,"79":0,"80":0,"81":0,"82":0,"83":0,"84":0,"85":0,"86":0,"87":0,"88":0,"89":0,"90":0,"91":0,"92":0,"93":1,"94":1,"95":1,"96":1,"97":1,"98":0,"99":1,"100":0,"101":1,"102":1,"103":0,"104":0,"105":0,"106":0,"107":0,"108":0,"109":0,"110":0,"111":0,"112":0,"113":0,"114":0,"115":0,"116":0,"117":0,"118":0,"119":0,"120":0,"121":0,"122":0,"123":0,"124":0,"125":0,"126":0,"127":0,"128":0,"129":0,"130":0,"131":0,"132":0,"133":0,"134":0,"135":0,"136":0,"137":0,"138":0,"139":0,"140":0,"141":0,"142":0,"143":0,"144":0,"145":0,"146":0,"147":0,"148":0,"149":0,"150":0,"151":0,"152":0,"153":0,"154":0,"155":0,"156":0,"157":0,"158":0,"159":0,"160":0,"161":2},"f":{"0":5,"1":3,"2":0,"3":0,"4":0,"5":0,"6":0,"7":0,"8":0,"9":0,"10":1,"11":0,"12":0,"13":0,"14":0,"15":0,"16":0},"b":{"0":[1,4],"1":[1,3],"2":[1,2],"3":[0,2],"4":[1,2],"5":[1,1],"6":[0,0],"7":[0,0],"8":[0,0],"9":[0,0],"10":[0,0],"11":[0,1],"12":[0,0],"13":[0,0],"14":[0,0],"15":[0,0],"16":[0,0,0],"17":[0,0]},"_coverageSchema":"1a1c01bbd47fc00a2c39e90264f33305004495a9","hash":"316c26b34ae565133f8e3bf0473072b8d80b7a69"}
,"D:\\hacktiv8\\phase 2\\week 3\\personal project\\clash-royale\\server\\helper\\bycryptjs.js": {"path":"D:\\hacktiv8\\phase 2\\week 3\\personal project\\clash-royale\\server\\helper\\bycryptjs.js","statementMap":{"0":{"start":{"line":1,"column":18},"end":{"line":1,"column":37}},"1":{"start":{"line":3,"column":16},"end":{"line":5,"column":1}},"2":{"start":{"line":4,"column":2},"end":{"line":4,"column":65}},"3":{"start":{"line":7,"column":16},"end":{"line":9,"column":1}},"4":{"start":{"line":8,"column":2},"end":{"line":8,"column":51}},"5":{"start":{"line":11,"column":0},"end":{"line":11,"column":38}}},"fnMap":{"0":{"name":"(anonymous_0)","decl":{"start":{"line":3,"column":16},"end":{"line":3,"column":17}},"loc":{"start":{"line":3,"column":30},"end":{"line":5,"column":1}},"line":3},"1":{"name":"(anonymous_1)","decl":{"start":{"line":7,"column":16},"end":{"line":7,"column":17}},"loc":{"start":{"line":7,"column":40},"end":{"line":9,"column":1}},"line":7}},"branchMap":{},"s":{"0":2,"1":2,"2":4,"3":2,"4":2,"5":2},"f":{"0":4,"1":2},"b":{},"_coverageSchema":"1a1c01bbd47fc00a2c39e90264f33305004495a9","hash":"70904e4052c4022f11d60702c6def1e29b16c090"}
,"D:\\hacktiv8\\phase 2\\week 3\\personal project\\clash-royale\\server\\helper\\jwt.js": {"path":"D:\\hacktiv8\\phase 2\\week 3\\personal project\\clash-royale\\server\\helper\\jwt.js","statementMap":{"0":{"start":{"line":1,"column":12},"end":{"line":1,"column":35}},"1":{"start":{"line":2,"column":15},"end":{"line":2,"column":37}},"2":{"start":{"line":4,"column":20},"end":{"line":6,"column":1}},"3":{"start":{"line":5,"column":2},"end":{"line":5,"column":36}},"4":{"start":{"line":8,"column":20},"end":{"line":10,"column":1}},"5":{"start":{"line":9,"column":2},"end":{"line":9,"column":38}},"6":{"start":{"line":12,"column":0},"end":{"line":12,"column":46}}},"fnMap":{"0":{"name":"(anonymous_0)","decl":{"start":{"line":4,"column":20},"end":{"line":4,"column":21}},"loc":{"start":{"line":4,"column":34},"end":{"line":6,"column":1}},"line":4},"1":{"name":"(anonymous_1)","decl":{"start":{"line":8,"column":20},"end":{"line":8,"column":21}},"loc":{"start":{"line":8,"column":34},"end":{"line":10,"column":1}},"line":8}},"branchMap":{},"s":{"0":2,"1":2,"2":2,"3":2,"4":2,"5":1,"6":2},"f":{"0":2,"1":1},"b":{},"_coverageSchema":"1a1c01bbd47fc00a2c39e90264f33305004495a9","hash":"7aa958a11b9a3dae74413ed03b88d5812f9e2d78"}
,"D:\\hacktiv8\\phase 2\\week 3\\personal project\\clash-royale\\server\\middleware\\authentication.js": {"path":"D:\\hacktiv8\\phase 2\\week 3\\personal project\\clash-royale\\server\\middleware\\authentication.js","statementMap":{"0":{"start":{"line":1,"column":17},"end":{"line":1,"column":37}},"1":{"start":{"line":2,"column":37},"end":{"line":2,"column":61}},"2":{"start":{"line":3,"column":24},"end":{"line":32,"column":1}},"3":{"start":{"line":4,"column":2},"end":{"line":31,"column":3}},"4":{"start":{"line":5,"column":30},"end":{"line":5,"column":41}},"5":{"start":{"line":7,"column":4},"end":{"line":7,"column":55}},"6":{"start":{"line":7,"column":24},"end":{"line":7,"column":55}},"7":{"start":{"line":8,"column":21},"end":{"line":8,"column":45}},"8":{"start":{"line":9,"column":4},"end":{"line":11,"column":5}},"9":{"start":{"line":10,"column":6},"end":{"line":10,"column":37}},"10":{"start":{"line":13,"column":4},"end":{"line":15,"column":5}},"11":{"start":{"line":14,"column":6},"end":{"line":14,"column":37}},"12":{"start":{"line":17,"column":18},"end":{"line":17,"column":29}},"13":{"start":{"line":18,"column":21},"end":{"line":18,"column":39}},"14":{"start":{"line":20,"column":17},"end":{"line":20,"column":49}},"15":{"start":{"line":21,"column":4},"end":{"line":23,"column":5}},"16":{"start":{"line":22,"column":6},"end":{"line":22,"column":36}},"17":{"start":{"line":25,"column":4},"end":{"line":25,"column":20}},"18":{"start":{"line":27,"column":4},"end":{"line":27,"column":11}},"19":{"start":{"line":30,"column":4},"end":{"line":30,"column":16}},"20":{"start":{"line":34,"column":0},"end":{"line":34,"column":33}}},"fnMap":{"0":{"name":"(anonymous_0)","decl":{"start":{"line":3,"column":24},"end":{"line":3,"column":25}},"loc":{"start":{"line":3,"column":50},"end":{"line":32,"column":1}},"line":3}},"branchMap":{"0":{"loc":{"start":{"line":7,"column":4},"end":{"line":7,"column":55}},"type":"if","locations":[{"start":{"line":7,"column":4},"end":{"line":7,"column":55}},{"start":{},"end":{}}],"line":7},"1":{"loc":{"start":{"line":9,"column":4},"end":{"line":11,"column":5}},"type":"if","locations":[{"start":{"line":9,"column":4},"end":{"line":11,"column":5}},{"start":{},"end":{}}],"line":9},"2":{"loc":{"start":{"line":13,"column":4},"end":{"line":15,"column":5}},"type":"if","locations":[{"start":{"line":13,"column":4},"end":{"line":15,"column":5}},{"start":{},"end":{}}],"line":13},"3":{"loc":{"start":{"line":21,"column":4},"end":{"line":23,"column":5}},"type":"if","locations":[{"start":{"line":21,"column":4},"end":{"line":23,"column":5}},{"start":{},"end":{}}],"line":21}},"s":{"0":2,"1":2,"2":2,"3":1,"4":1,"5":1,"6":0,"7":1,"8":1,"9":0,"10":1,"11":0,"12":1,"13":1,"14":1,"15":1,"16":0,"17":1,"18":1,"19":0,"20":2},"f":{"0":1},"b":{"0":[0,1],"1":[0,1],"2":[0,1],"3":[0,1]},"_coverageSchema":"1a1c01bbd47fc00a2c39e90264f33305004495a9","hash":"9603cfcdce4c40b982f1b9b70a26efbfb78b8d3c"}
,"D:\\hacktiv8\\phase 2\\week 3\\personal project\\clash-royale\\server\\middleware\\authorize.js": {"path":"D:\\hacktiv8\\phase 2\\week 3\\personal project\\clash-royale\\server\\middleware\\authorize.js","statementMap":{"0":{"start":{"line":1,"column":17},"end":{"line":1,"column":37}},"1":{"start":{"line":2,"column":18},"end":{"line":13,"column":1}},"2":{"start":{"line":3,"column":2},"end":{"line":12,"column":3}},"3":{"start":{"line":5,"column":4},"end":{"line":8,"column":5}},"4":{"start":{"line":5,"column":35},"end":{"line":5,"column":42}},"5":{"start":{"line":7,"column":6},"end":{"line":7,"column":34}},"6":{"start":{"line":10,"column":4},"end":{"line":10,"column":23}},"7":{"start":{"line":11,"column":4},"end":{"line":11,"column":16}},"8":{"start":{"line":15,"column":0},"end":{"line":15,"column":27}}},"fnMap":{"0":{"name":"(anonymous_0)","decl":{"start":{"line":2,"column":18},"end":{"line":2,"column":19}},"loc":{"start":{"line":2,"column":44},"end":{"line":13,"column":1}},"line":2}},"branchMap":{"0":{"loc":{"start":{"line":5,"column":4},"end":{"line":8,"column":5}},"type":"if","locations":[{"start":{"line":5,"column":4},"end":{"line":8,"column":5}},{"start":{"line":6,"column":9},"end":{"line":8,"column":5}}],"line":5}},"s":{"0":2,"1":2,"2":0,"3":0,"4":0,"5":0,"6":0,"7":0,"8":2},"f":{"0":0},"b":{"0":[0,0]},"_coverageSchema":"1a1c01bbd47fc00a2c39e90264f33305004495a9","hash":"9f028e3c6eb14a7e350da6cc1f79838e2d5da52f"}
,"D:\\hacktiv8\\phase 2\\week 3\\personal project\\clash-royale\\server\\middleware\\errorHandlers.js": {"path":"D:\\hacktiv8\\phase 2\\week 3\\personal project\\clash-royale\\server\\middleware\\errorHandlers.js","statementMap":{"0":{"start":{"line":1,"column":20},"end":{"line":41,"column":1}},"1":{"start":{"line":2,"column":2},"end":{"line":2,"column":19}},"2":{"start":{"line":3,"column":2},"end":{"line":40,"column":3}},"3":{"start":{"line":5,"column":6},"end":{"line":5,"column":63}},"4":{"start":{"line":6,"column":6},"end":{"line":6,"column":12}},"5":{"start":{"line":8,"column":6},"end":{"line":8,"column":60}},"6":{"start":{"line":9,"column":6},"end":{"line":9,"column":12}},"7":{"start":{"line":11,"column":6},"end":{"line":11,"column":64}},"8":{"start":{"line":12,"column":6},"end":{"line":12,"column":12}},"9":{"start":{"line":14,"column":6},"end":{"line":14,"column":66}},"10":{"start":{"line":15,"column":6},"end":{"line":15,"column":12}},"11":{"start":{"line":17,"column":6},"end":{"line":17,"column":88}},"12":{"start":{"line":18,"column":6},"end":{"line":18,"column":12}},"13":{"start":{"line":21,"column":6},"end":{"line":21,"column":63}},"14":{"start":{"line":22,"column":6},"end":{"line":22,"column":12}},"15":{"start":{"line":25,"column":6},"end":{"line":25,"column":57}},"16":{"start":{"line":26,"column":6},"end":{"line":26,"column":12}},"17":{"start":{"line":28,"column":6},"end":{"line":28,"column":58}},"18":{"start":{"line":29,"column":6},"end":{"line":29,"column":12}},"19":{"start":{"line":31,"column":6},"end":{"line":31,"column":53}},"20":{"start":{"line":32,"column":6},"end":{"line":32,"column":12}},"21":{"start":{"line":35,"column":6},"end":{"line":35,"column":53}},"22":{"start":{"line":36,"column":6},"end":{"line":36,"column":12}},"23":{"start":{"line":38,"column":6},"end":{"line":38,"column":65}},"24":{"start":{"line":39,"column":6},"end":{"line":39,"column":12}},"25":{"start":{"line":43,"column":0},"end":{"line":43,"column":29}}},"fnMap":{"0":{"name":"(anonymous_0)","decl":{"start":{"line":1,"column":20},"end":{"line":1,"column":21}},"loc":{"start":{"line":1,"column":51},"end":{"line":41,"column":1}},"line":1}},"branchMap":{"0":{"loc":{"start":{"line":3,"column":2},"end":{"line":40,"column":3}},"type":"switch","locations":[{"start":{"line":4,"column":4},"end":{"line":6,"column":12}},{"start":{"line":7,"column":4},"end":{"line":9,"column":12}},{"start":{"line":10,"column":4},"end":{"line":12,"column":12}},{"start":{"line":13,"column":4},"end":{"line":15,"column":12}},{"start":{"line":16,"column":4},"end":{"line":18,"column":12}},{"start":{"line":20,"column":4},"end":{"line":22,"column":12}},{"start":{"line":23,"column":4},"end":{"line":23,"column":24}},{"start":{"line":24,"column":4},"end":{"line":26,"column":12}},{"start":{"line":27,"column":4},"end":{"line":29,"column":12}},{"start":{"line":30,"column":4},"end":{"line":32,"column":12}},{"start":{"line":34,"column":4},"end":{"line":36,"column":12}},{"start":{"line":37,"column":4},"end":{"line":39,"column":12}}],"line":3}},"s":{"0":2,"1":6,"2":6,"3":2,"4":2,"5":2,"6":2,"7":0,"8":0,"9":1,"10":1,"11":0,"12":0,"13":1,"14":1,"15":0,"16":0,"17":0,"18":0,"19":0,"20":0,"21":0,"22":0,"23":0,"24":0,"25":2},"f":{"0":6},"b":{"0":[2,2,0,1,0,1,0,0,0,0,0,0]},"_coverageSchema":"1a1c01bbd47fc00a2c39e90264f33305004495a9","hash":"40405a8cdcd6cde85c7cdccce1e0de3f2b7b2495"}
,"D:\\hacktiv8\\phase 2\\week 3\\personal project\\clash-royale\\server\\models\\card.js": {"path":"D:\\hacktiv8\\phase 2\\week 3\\personal project\\clash-royale\\server\\models\\card.js","statementMap":{"0":{"start":{"line":2,"column":18},"end":{"line":2,"column":38}},"1":{"start":{"line":3,"column":0},"end":{"line":35,"column":2}},"2":{"start":{"line":15,"column":6},"end":{"line":15,"column":91}},"3":{"start":{"line":18,"column":2},"end":{"line":33,"column":4}},"4":{"start":{"line":34,"column":2},"end":{"line":34,"column":14}}},"fnMap":{"0":{"name":"(anonymous_0)","decl":{"start":{"line":3,"column":17},"end":{"line":3,"column":18}},"loc":{"start":{"line":3,"column":43},"end":{"line":35,"column":1}},"line":3},"1":{"name":"(anonymous_1)","decl":{"start":{"line":10,"column":4},"end":{"line":10,"column":5}},"loc":{"start":{"line":10,"column":29},"end":{"line":16,"column":5}},"line":10}},"branchMap":{},"s":{"0":2,"1":2,"2":2,"3":2,"4":2},"f":{"0":2,"1":2},"b":{},"_coverageSchema":"1a1c01bbd47fc00a2c39e90264f33305004495a9","hash":"832d9a272b717c2fe5ad5cb662a20af2b7adc66d"}
,"D:\\hacktiv8\\phase 2\\week 3\\personal project\\clash-royale\\server\\models\\coin.js": {"path":"D:\\hacktiv8\\phase 2\\week 3\\personal project\\clash-royale\\server\\models\\coin.js","statementMap":{"0":{"start":{"line":2,"column":18},"end":{"line":2,"column":38}},"1":{"start":{"line":3,"column":0},"end":{"line":28,"column":2}},"2":{"start":{"line":12,"column":6},"end":{"line":14,"column":9}},"3":{"start":{"line":17,"column":2},"end":{"line":26,"column":4}},"4":{"start":{"line":27,"column":2},"end":{"line":27,"column":14}}},"fnMap":{"0":{"name":"(anonymous_0)","decl":{"start":{"line":3,"column":17},"end":{"line":3,"column":18}},"loc":{"start":{"line":3,"column":43},"end":{"line":28,"column":1}},"line":3},"1":{"name":"(anonymous_1)","decl":{"start":{"line":10,"column":4},"end":{"line":10,"column":5}},"loc":{"start":{"line":10,"column":29},"end":{"line":15,"column":5}},"line":10}},"branchMap":{},"s":{"0":2,"1":2,"2":2,"3":2,"4":2},"f":{"0":2,"1":2},"b":{},"_coverageSchema":"1a1c01bbd47fc00a2c39e90264f33305004495a9","hash":"af43607671e152499ee5b7f40f00a863cf772a00"}
,"D:\\hacktiv8\\phase 2\\week 3\\personal project\\clash-royale\\server\\models\\index.js": {"path":"D:\\hacktiv8\\phase 2\\week 3\\personal project\\clash-royale\\server\\models\\index.js","statementMap":{"0":{"start":{"line":3,"column":11},"end":{"line":3,"column":24}},"1":{"start":{"line":4,"column":13},"end":{"line":4,"column":28}},"2":{"start":{"line":5,"column":18},"end":{"line":5,"column":38}},"3":{"start":{"line":6,"column":16},"end":{"line":6,"column":34}},"4":{"start":{"line":7,"column":17},"end":{"line":7,"column":42}},"5":{"start":{"line":8,"column":12},"end":{"line":8,"column":49}},"6":{"start":{"line":9,"column":15},"end":{"line":9,"column":65}},"7":{"start":{"line":10,"column":11},"end":{"line":10,"column":13}},"8":{"start":{"line":13,"column":0},"end":{"line":17,"column":1}},"9":{"start":{"line":14,"column":2},"end":{"line":14,"column":74}},"10":{"start":{"line":16,"column":2},"end":{"line":16,"column":87}},"11":{"start":{"line":19,"column":0},"end":{"line":32,"column":5}},"12":{"start":{"line":22,"column":4},"end":{"line":27,"column":6}},"13":{"start":{"line":30,"column":18},"end":{"line":30,"column":85}},"14":{"start":{"line":31,"column":4},"end":{"line":31,"column":27}},"15":{"start":{"line":34,"column":0},"end":{"line":38,"column":3}},"16":{"start":{"line":35,"column":2},"end":{"line":37,"column":3}},"17":{"start":{"line":36,"column":4},"end":{"line":36,"column":32}},"18":{"start":{"line":40,"column":0},"end":{"line":40,"column":25}},"19":{"start":{"line":41,"column":0},"end":{"line":41,"column":25}},"20":{"start":{"line":43,"column":0},"end":{"line":43,"column":20}}},"fnMap":{"0":{"name":"(anonymous_0)","decl":{"start":{"line":21,"column":10},"end":{"line":21,"column":11}},"loc":{"start":{"line":21,"column":18},"end":{"line":28,"column":3}},"line":21},"1":{"name":"(anonymous_1)","decl":{"start":{"line":29,"column":11},"end":{"line":29,"column":12}},"loc":{"start":{"line":29,"column":19},"end":{"line":32,"column":3}},"line":29},"2":{"name":"(anonymous_2)","decl":{"start":{"line":34,"column":24},"end":{"line":34,"column":25}},"loc":{"start":{"line":34,"column":37},"end":{"line":38,"column":1}},"line":34}},"branchMap":{"0":{"loc":{"start":{"line":8,"column":12},"end":{"line":8,"column":49}},"type":"binary-expr","locations":[{"start":{"line":8,"column":12},"end":{"line":8,"column":32}},{"start":{"line":8,"column":36},"end":{"line":8,"column":49}}],"line":8},"1":{"loc":{"start":{"line":13,"column":0},"end":{"line":17,"column":1}},"type":"if","locations":[{"start":{"line":13,"column":0},"end":{"line":17,"column":1}},{"start":{"line":15,"column":7},"end":{"line":17,"column":1}}],"line":13},"2":{"loc":{"start":{"line":23,"column":6},"end":{"line":26,"column":37}},"type":"binary-expr","locations":[{"start":{"line":23,"column":6},"end":{"line":23,"column":29}},{"start":{"line":24,"column":6},"end":{"line":24,"column":23}},{"start":{"line":25,"column":6},"end":{"line":25,"column":30}},{"start":{"line":26,"column":6},"end":{"line":26,"column":37}}],"line":23},"3":{"loc":{"start":{"line":35,"column":2},"end":{"line":37,"column":3}},"type":"if","locations":[{"start":{"line":35,"column":2},"end":{"line":37,"column":3}},{"start":{},"end":{}}],"line":35}},"s":{"0":2,"1":2,"2":2,"3":2,"4":2,"5":2,"6":2,"7":2,"8":2,"9":0,"10":2,"11":2,"12":12,"13":10,"14":10,"15":2,"16":10,"17":10,"18":2,"19":2,"20":2},"f":{"0":12,"1":10,"2":10},"b":{"0":[2,0],"1":[0,2],"2":[12,12,10,10],"3":[10,0]},"_coverageSchema":"1a1c01bbd47fc00a2c39e90264f33305004495a9","hash":"ac559461ced1aabdf7ab0c12f42c4200ab5abda2"}
,"D:\\hacktiv8\\phase 2\\week 3\\personal project\\clash-royale\\server\\models\\inventory.js": {"path":"D:\\hacktiv8\\phase 2\\week 3\\personal project\\clash-royale\\server\\models\\inventory.js","statementMap":{"0":{"start":{"line":2,"column":18},"end":{"line":2,"column":38}},"1":{"start":{"line":3,"column":0},"end":{"line":27,"column":2}},"2":{"start":{"line":16,"column":2},"end":{"line":25,"column":4}},"3":{"start":{"line":26,"column":2},"end":{"line":26,"column":19}}},"fnMap":{"0":{"name":"(anonymous_0)","decl":{"start":{"line":3,"column":17},"end":{"line":3,"column":18}},"loc":{"start":{"line":3,"column":43},"end":{"line":27,"column":1}},"line":3},"1":{"name":"(anonymous_1)","decl":{"start":{"line":10,"column":4},"end":{"line":10,"column":5}},"loc":{"start":{"line":10,"column":29},"end":{"line":14,"column":5}},"line":10}},"branchMap":{},"s":{"0":2,"1":2,"2":2,"3":2},"f":{"0":2,"1":2},"b":{},"_coverageSchema":"1a1c01bbd47fc00a2c39e90264f33305004495a9","hash":"d0aa7e71ce9dad11e8f135723ae86256074c13bc"}
,"D:\\hacktiv8\\phase 2\\week 3\\personal project\\clash-royale\\server\\models\\order.js": {"path":"D:\\hacktiv8\\phase 2\\week 3\\personal project\\clash-royale\\server\\models\\order.js","statementMap":{"0":{"start":{"line":2,"column":18},"end":{"line":2,"column":38}},"1":{"start":{"line":3,"column":0},"end":{"line":35,"column":2}},"2":{"start":{"line":12,"column":6},"end":{"line":14,"column":9}},"3":{"start":{"line":15,"column":6},"end":{"line":17,"column":9}},"4":{"start":{"line":20,"column":2},"end":{"line":33,"column":4}},"5":{"start":{"line":34,"column":2},"end":{"line":34,"column":15}}},"fnMap":{"0":{"name":"(anonymous_0)","decl":{"start":{"line":3,"column":17},"end":{"line":3,"column":18}},"loc":{"start":{"line":3,"column":43},"end":{"line":35,"column":1}},"line":3},"1":{"name":"(anonymous_1)","decl":{"start":{"line":10,"column":4},"end":{"line":10,"column":5}},"loc":{"start":{"line":10,"column":29},"end":{"line":18,"column":5}},"line":10}},"branchMap":{},"s":{"0":2,"1":2,"2":2,"3":2,"4":2,"5":2},"f":{"0":2,"1":2},"b":{},"_coverageSchema":"1a1c01bbd47fc00a2c39e90264f33305004495a9","hash":"208f93b07d56c6b6295a6f97fd7f4f393fe03e10"}
,"D:\\hacktiv8\\phase 2\\week 3\\personal project\\clash-royale\\server\\models\\user.js": {"path":"D:\\hacktiv8\\phase 2\\week 3\\personal project\\clash-royale\\server\\models\\user.js","statementMap":{"0":{"start":{"line":2,"column":18},"end":{"line":2,"column":38}},"1":{"start":{"line":3,"column":20},"end":{"line":3,"column":50}},"2":{"start":{"line":5,"column":0},"end":{"line":69,"column":2}},"3":{"start":{"line":14,"column":6},"end":{"line":14,"column":91}},"4":{"start":{"line":16,"column":6},"end":{"line":18,"column":9}},"5":{"start":{"line":21,"column":2},"end":{"line":63,"column":4}},"6":{"start":{"line":65,"column":2},"end":{"line":67,"column":5}},"7":{"start":{"line":66,"column":4},"end":{"line":66,"column":51}},"8":{"start":{"line":68,"column":2},"end":{"line":68,"column":14}}},"fnMap":{"0":{"name":"(anonymous_0)","decl":{"start":{"line":5,"column":17},"end":{"line":5,"column":18}},"loc":{"start":{"line":5,"column":43},"end":{"line":69,"column":1}},"line":5},"1":{"name":"(anonymous_1)","decl":{"start":{"line":12,"column":4},"end":{"line":12,"column":5}},"loc":{"start":{"line":12,"column":29},"end":{"line":19,"column":5}},"line":12},"2":{"name":"(anonymous_2)","decl":{"start":{"line":65,"column":31},"end":{"line":65,"column":32}},"loc":{"start":{"line":65,"column":54},"end":{"line":67,"column":3}},"line":65}},"branchMap":{},"s":{"0":2,"1":2,"2":2,"3":2,"4":2,"5":2,"6":2,"7":4,"8":2},"f":{"0":2,"1":2,"2":4},"b":{},"_coverageSchema":"1a1c01bbd47fc00a2c39e90264f33305004495a9","hash":"481f7ba23648f1e3d5e6bc44b7cce798f7ddee49"}
,"D:\\hacktiv8\\phase 2\\week 3\\personal project\\clash-royale\\server\\router\\auth.js": {"path":"D:\\hacktiv8\\phase 2\\week 3\\personal project\\clash-royale\\server\\router\\auth.js","statementMap":{"0":{"start":{"line":1,"column":16},"end":{"line":1,"column":34}},"1":{"start":{"line":2,"column":15},"end":{"line":2,"column":31}},"2":{"start":{"line":4,"column":20},"end":{"line":4,"column":56}},"3":{"start":{"line":6,"column":0},"end":{"line":6,"column":41}},"4":{"start":{"line":7,"column":0},"end":{"line":7,"column":53}},"5":{"start":{"line":8,"column":0},"end":{"line":8,"column":47}},"6":{"start":{"line":10,"column":0},"end":{"line":10,"column":24}}},"fnMap":{},"branchMap":{},"s":{"0":2,"1":2,"2":2,"3":2,"4":2,"5":2,"6":2},"f":{},"b":{},"_coverageSchema":"1a1c01bbd47fc00a2c39e90264f33305004495a9","hash":"d9ef7e8c9ae6e093a54debd8cf05272c7e11cc0f"}
,"D:\\hacktiv8\\phase 2\\week 3\\personal project\\clash-royale\\server\\router\\main.js": {"path":"D:\\hacktiv8\\phase 2\\week 3\\personal project\\clash-royale\\server\\router\\main.js","statementMap":{"0":{"start":{"line":1,"column":16},"end":{"line":1,"column":34}},"1":{"start":{"line":2,"column":15},"end":{"line":2,"column":31}},"2":{"start":{"line":4,"column":20},"end":{"line":4,"column":56}},"3":{"start":{"line":6,"column":18},"end":{"line":6,"column":52}},"4":{"start":{"line":8,"column":0},"end":{"line":8,"column":38}},"5":{"start":{"line":9,"column":0},"end":{"line":9,"column":42}},"6":{"start":{"line":10,"column":0},"end":{"line":10,"column":48}},"7":{"start":{"line":11,"column":0},"end":{"line":11,"column":43}},"8":{"start":{"line":12,"column":0},"end":{"line":12,"column":44}},"9":{"start":{"line":13,"column":0},"end":{"line":13,"column":46}},"10":{"start":{"line":14,"column":0},"end":{"line":14,"column":45}},"11":{"start":{"line":16,"column":0},"end":{"line":16,"column":67}},"12":{"start":{"line":18,"column":0},"end":{"line":18,"column":53}},"13":{"start":{"line":19,"column":0},"end":{"line":19,"column":51}},"14":{"start":{"line":20,"column":0},"end":{"line":20,"column":44}},"15":{"start":{"line":21,"column":0},"end":{"line":21,"column":64}},"16":{"start":{"line":23,"column":0},"end":{"line":23,"column":24}}},"fnMap":{},"branchMap":{},"s":{"0":2,"1":2,"2":2,"3":2,"4":2,"5":2,"6":2,"7":2,"8":2,"9":2,"10":2,"11":2,"12":2,"13":2,"14":2,"15":2,"16":2},"f":{},"b":{},"_coverageSchema":"1a1c01bbd47fc00a2c39e90264f33305004495a9","hash":"b44e4e809533cfe9c989cf1ce62d4585f935877f"}
,"D:\\hacktiv8\\phase 2\\week 3\\personal project\\clash-royale\\server\\router\\midtrans.js": {"path":"D:\\hacktiv8\\phase 2\\week 3\\personal project\\clash-royale\\server\\router\\midtrans.js","statementMap":{"0":{"start":{"line":1,"column":16},"end":{"line":1,"column":34}},"1":{"start":{"line":2,"column":15},"end":{"line":2,"column":31}},"2":{"start":{"line":4,"column":20},"end":{"line":4,"column":56}},"3":{"start":{"line":6,"column":0},"end":{"line":6,"column":74}},"4":{"start":{"line":8,"column":0},"end":{"line":8,"column":24}}},"fnMap":{},"branchMap":{},"s":{"0":2,"1":2,"2":2,"3":2,"4":2},"f":{},"b":{},"_coverageSchema":"1a1c01bbd47fc00a2c39e90264f33305004495a9","hash":"1c9832f2642e55611e9f1caf0b932a583ff2a0bb"}
}
