TN:
SF:app.js
FNF:0
FNH:0
DA:1,2
DA:2,2
DA:3,2
DA:5,2
DA:6,2
DA:8,2
DA:9,2
DA:10,2
DA:13,2
DA:14,2
DA:16,2
DA:19,2
DA:22,2
DA:25,2
DA:27,2
DA:30,2
DA:32,2
LF:17
LH:17
BRF:0
BRH:0
end_of_record
TN:
SF:controllers\controller.js
FN:10,(anonymous_0)
FN:38,(anonymous_1)
FN:54,(anonymous_2)
FN:69,(anonymous_3)
FN:81,(anonymous_4)
FN:100,(anonymous_5)
FN:126,(anonymous_6)
FN:147,(anonymous_7)
FN:194,(anonymous_8)
FN:206,(anonymous_9)
FN:223,(anonymous_10)
FN:242,(anonymous_11)
FN:253,(anonymous_12)
FN:278,(anonymous_13)
FN:316,(anonymous_14)
FN:320,(anonymous_15)
FN:382,(anonymous_16)
FNF:17
FNH:3
FNDA:5,(anonymous_0)
FNDA:3,(anonymous_1)
FNDA:0,(anonymous_2)
FNDA:0,(anonymous_3)
FNDA:0,(anonymous_4)
FNDA:0,(anonymous_5)
FNDA:0,(anonymous_6)
FNDA:0,(anonymous_7)
FNDA:0,(anonymous_8)
FNDA:0,(anonymous_9)
FNDA:1,(anonymous_10)
FNDA:0,(anonymous_11)
FNDA:0,(anonymous_12)
FNDA:0,(anonymous_13)
FNDA:0,(anonymous_14)
FNDA:0,(anonymous_15)
FNDA:0,(anonymous_16)
DA:1,2
DA:2,2
DA:3,2
DA:4,2
DA:6,2
DA:11,5
DA:12,5
DA:14,5
DA:15,4
DA:17,3
DA:23,3
DA:25,2
DA:26,2
DA:28,2
DA:30,2
DA:32,3
DA:33,3
DA:39,3
DA:40,3
DA:42,3
DA:43,2
DA:44,1
DA:46,1
DA:48,2
DA:49,2
DA:55,0
DA:56,0
DA:61,0
DA:63,0
DA:64,0
DA:70,0
DA:71,0
DA:73,0
DA:75,0
DA:76,0
DA:82,0
DA:83,0
DA:85,0
DA:90,0
DA:92,0
DA:94,0
DA:95,0
DA:101,0
DA:102,0
DA:103,0
DA:105,0
DA:110,0
DA:112,0
DA:118,0
DA:120,0
DA:121,0
DA:127,0
DA:128,0
DA:129,0
DA:137,0
DA:139,0
DA:141,0
DA:142,0
DA:148,0
DA:149,0
DA:151,0
DA:152,0
DA:153,0
DA:156,0
DA:168,0
DA:169,0
DA:170,0
DA:173,0
DA:181,0
DA:182,0
DA:185,0
DA:188,0
DA:189,0
DA:195,0
DA:196,0
DA:198,0
DA:200,0
DA:201,0
DA:207,0
DA:208,0
DA:215,0
DA:217,0
DA:218,0
DA:224,1
DA:225,1
DA:226,1
DA:228,1
DA:229,1
DA:231,1
DA:234,0
DA:236,1
DA:237,1
DA:243,0
DA:244,0
DA:245,0
DA:247,0
DA:248,0
DA:254,0
DA:255,0
DA:256,0
DA:258,0
DA:260,0
DA:270,0
DA:272,0
DA:273,0
DA:279,0
DA:280,0
DA:286,0
DA:298,0
DA:307,0
DA:308,0
DA:310,0
DA:311,0
DA:317,0
DA:319,0
DA:320,0
DA:321,0
DA:322,0
DA:333,0
DA:334,0
DA:335,0
DA:336,0
DA:338,0
DA:339,0
DA:340,0
DA:341,0
DA:343,0
DA:352,0
DA:357,0
DA:358,0
DA:359,0
DA:361,0
DA:362,0
DA:363,0
DA:364,0
DA:374,0
DA:376,0
DA:377,0
DA:384,0
DA:387,0
DA:388,0
DA:389,0
DA:395,0
DA:397,0
DA:400,0
DA:401,0
DA:414,0
DA:416,0
DA:418,0
DA:419,0
DA:424,2
LF:151
LH:34
BRDA:14,0,0,1
BRDA:14,0,1,4
BRDA:15,1,0,1
BRDA:15,1,1,3
BRDA:23,2,0,1
BRDA:23,2,1,2
BRDA:26,3,0,0
BRDA:26,3,1,2
BRDA:42,4,0,1
BRDA:42,4,1,2
BRDA:43,5,0,1
BRDA:43,5,1,1
BRDA:90,6,0,0
BRDA:90,6,1,0
BRDA:110,7,0,0
BRDA:110,7,1,0
BRDA:152,8,0,0
BRDA:152,8,1,0
BRDA:168,9,0,0
BRDA:168,9,1,0
BRDA:170,10,0,0
BRDA:170,10,1,0
BRDA:229,11,0,0
BRDA:229,11,1,1
BRDA:357,12,0,0
BRDA:357,12,1,0
BRDA:358,13,0,0
BRDA:358,13,1,0
BRDA:361,14,0,0
BRDA:361,14,1,0
BRDA:363,15,0,0
BRDA:363,15,1,0
BRDA:363,16,0,0
BRDA:363,16,1,0
BRDA:363,16,2,0
BRDA:400,17,0,0
BRDA:400,17,1,0
BRF:37
BRH:12
end_of_record
TN:
SF:helper\bycryptjs.js
FN:3,(anonymous_0)
FN:7,(anonymous_1)
FNF:2
FNH:2
FNDA:4,(anonymous_0)
FNDA:2,(anonymous_1)
DA:1,2
DA:3,2
DA:4,4
DA:7,2
DA:8,2
DA:11,2
LF:6
LH:6
BRF:0
BRH:0
end_of_record
TN:
SF:helper\jwt.js
FN:4,(anonymous_0)
FN:8,(anonymous_1)
FNF:2
FNH:2
FNDA:2,(anonymous_0)
FNDA:1,(anonymous_1)
DA:1,2
DA:2,2
DA:4,2
DA:5,2
DA:8,2
DA:9,1
DA:12,2
LF:7
LH:7
BRF:0
BRH:0
end_of_record
TN:
SF:middleware\authentication.js
FN:3,(anonymous_0)
FNF:1
FNH:1
FNDA:1,(anonymous_0)
DA:1,2
DA:2,2
DA:3,2
DA:4,1
DA:5,1
DA:7,1
DA:8,1
DA:9,1
DA:10,0
DA:13,1
DA:14,0
DA:17,1
DA:18,1
DA:20,1
DA:21,1
DA:22,0
DA:25,1
DA:27,1
DA:30,0
DA:34,2
LF:20
LH:16
BRDA:7,0,0,0
BRDA:7,0,1,1
BRDA:9,1,0,0
BRDA:9,1,1,1
BRDA:13,2,0,0
BRDA:13,2,1,1
BRDA:21,3,0,0
BRDA:21,3,1,1
BRF:8
BRH:4
end_of_record
TN:
SF:middleware\authorize.js
FN:2,(anonymous_0)
FNF:1
FNH:0
FNDA:0,(anonymous_0)
DA:1,2
DA:2,2
DA:3,0
DA:5,0
DA:7,0
DA:10,0
DA:11,0
DA:15,2
LF:8
LH:3
BRDA:5,0,0,0
BRDA:5,0,1,0
BRF:2
BRH:0
end_of_record
TN:
SF:middleware\errorHandlers.js
FN:1,(anonymous_0)
FNF:1
FNH:1
FNDA:6,(anonymous_0)
DA:1,2
DA:2,6
DA:3,6
DA:5,2
DA:6,2
DA:8,2
DA:9,2
DA:11,0
DA:12,0
DA:14,1
DA:15,1
DA:17,0
DA:18,0
DA:21,1
DA:22,1
DA:25,0
DA:26,0
DA:28,0
DA:29,0
DA:31,0
DA:32,0
DA:35,0
DA:36,0
DA:38,0
DA:39,0
DA:43,2
LF:26
LH:12
BRDA:3,0,0,2
BRDA:3,0,1,2
BRDA:3,0,2,0
BRDA:3,0,3,1
BRDA:3,0,4,0
BRDA:3,0,5,1
BRDA:3,0,6,0
BRDA:3,0,7,0
BRDA:3,0,8,0
BRDA:3,0,9,0
BRDA:3,0,10,0
BRDA:3,0,11,0
BRF:12
BRH:4
end_of_record
TN:
SF:models\card.js
FN:3,(anonymous_0)
FN:10,(anonymous_1)
FNF:2
FNH:2
FNDA:2,(anonymous_0)
FNDA:2,(anonymous_1)
DA:2,2
DA:3,2
DA:15,2
DA:18,2
DA:34,2
LF:5
LH:5
BRF:0
BRH:0
end_of_record
TN:
SF:models\coin.js
FN:3,(anonymous_0)
FN:10,(anonymous_1)
FNF:2
FNH:2
FNDA:2,(anonymous_0)
FNDA:2,(anonymous_1)
DA:2,2
DA:3,2
DA:12,2
DA:17,2
DA:27,2
LF:5
LH:5
BRF:0
BRH:0
end_of_record
TN:
SF:models\index.js
FN:21,(anonymous_0)
FN:29,(anonymous_1)
FN:34,(anonymous_2)
FNF:3
FNH:3
FNDA:12,(anonymous_0)
FNDA:10,(anonymous_1)
FNDA:10,(anonymous_2)
DA:3,2
DA:4,2
DA:5,2
DA:6,2
DA:7,2
DA:8,2
DA:9,2
DA:10,2
DA:13,2
DA:14,0
DA:16,2
DA:19,2
DA:22,12
DA:30,10
DA:31,10
DA:34,2
DA:35,10
DA:36,10
DA:40,2
DA:41,2
DA:43,2
LF:21
LH:20
BRDA:8,0,0,2
BRDA:8,0,1,0
BRDA:13,1,0,0
BRDA:13,1,1,2
BRDA:23,2,0,12
BRDA:23,2,1,12
BRDA:23,2,2,10
BRDA:23,2,3,10
BRDA:35,3,0,10
BRDA:35,3,1,0
BRF:10
BRH:7
end_of_record
TN:
SF:models\inventory.js
FN:3,(anonymous_0)
FN:10,(anonymous_1)
FNF:2
FNH:2
FNDA:2,(anonymous_0)
FNDA:2,(anonymous_1)
DA:2,2
DA:3,2
DA:16,2
DA:26,2
LF:4
LH:4
BRF:0
BRH:0
end_of_record
TN:
SF:models\order.js
FN:3,(anonymous_0)
FN:10,(anonymous_1)
FNF:2
FNH:2
FNDA:2,(anonymous_0)
FNDA:2,(anonymous_1)
DA:2,2
DA:3,2
DA:12,2
DA:15,2
DA:20,2
DA:34,2
LF:6
LH:6
BRF:0
BRH:0
end_of_record
TN:
SF:models\user.js
FN:5,(anonymous_0)
FN:12,(anonymous_1)
FN:65,(anonymous_2)
FNF:3
FNH:3
FNDA:2,(anonymous_0)
FNDA:2,(anonymous_1)
FNDA:4,(anonymous_2)
DA:2,2
DA:3,2
DA:5,2
DA:14,2
DA:16,2
DA:21,2
DA:65,2
DA:66,4
DA:68,2
LF:9
LH:9
BRF:0
BRH:0
end_of_record
TN:
SF:router\auth.js
FNF:0
FNH:0
DA:1,2
DA:2,2
DA:4,2
DA:6,2
DA:7,2
DA:8,2
DA:10,2
LF:7
LH:7
BRF:0
BRH:0
end_of_record
TN:
SF:router\main.js
FNF:0
FNH:0
DA:1,2
DA:2,2
DA:4,2
DA:6,2
DA:8,2
DA:9,2
DA:10,2
DA:11,2
DA:12,2
DA:13,2
DA:14,2
DA:16,2
DA:18,2
DA:19,2
DA:20,2
DA:21,2
DA:23,2
LF:17
LH:17
BRF:0
BRH:0
end_of_record
TN:
SF:router\midtrans.js
FNF:0
FNH:0
DA:1,2
DA:2,2
DA:4,2
DA:6,2
DA:8,2
LF:5
LH:5
BRF:0
BRH:0
end_of_record
