TN:
SF:app.js
FNF:0
FNH:0
DA:1,2
DA:2,2
DA:3,2
DA:5,2
DA:6,2
DA:8,2
DA:9,2
DA:10,2
DA:13,2
DA:14,2
DA:16,2
DA:19,2
DA:22,2
DA:25,2
DA:27,2
DA:30,2
DA:32,2
LF:17
LH:17
BRF:0
BRH:0
end_of_record
TN:
SF:controllers\controller.js
FN:12,(anonymous_0)
FN:40,(anonymous_1)
FN:76,(anonymous_2)
FN:91,(anonymous_3)
FN:116,(anonymous_4)
FN:135,(anonymous_5)
FN:161,(anonymous_6)
FN:182,(anonymous_7)
FN:229,(anonymous_8)
FN:241,(anonymous_9)
FN:258,(anonymous_10)
FN:277,(anonymous_11)
FN:288,(anonymous_12)
FN:313,(anonymous_13)
FN:351,(anonymous_14)
FN:358,(anonymous_15)
FN:420,(anonymous_16)
FNF:17
FNH:13
FNDA:46,(anonymous_0)
FNDA:3,(anonymous_1)
FNDA:8,(anonymous_2)
FNDA:2,(anonymous_3)
FNDA:2,(anonymous_4)
FNDA:2,(anonymous_5)
FNDA:1,(anonymous_6)
FNDA:5,(anonymous_7)
FNDA:2,(anonymous_8)
FNDA:2,(anonymous_9)
FNDA:2,(anonymous_10)
FNDA:1,(anonymous_11)
FNDA:1,(anonymous_12)
FNDA:0,(anonymous_13)
FNDA:0,(anonymous_14)
FNDA:0,(anonymous_15)
FNDA:0,(anonymous_16)
DA:1,2
DA:2,2
DA:3,2
DA:4,2
DA:6,2
DA:8,2
DA:9,2
DA:13,46
DA:14,46
DA:16,46
DA:17,45
DA:19,44
DA:25,44
DA:27,43
DA:28,43
DA:30,43
DA:32,43
DA:34,3
DA:35,3
DA:41,3
DA:43,3
DA:53,3
DA:55,3
DA:56,2
DA:57,1
DA:60,1
DA:68,1
DA:70,2
DA:71,2
DA:77,8
DA:78,8
DA:83,1
DA:85,7
DA:86,7
DA:92,2
DA:93,2
DA:96,2
DA:100,2
DA:101,0
DA:106,2
DA:108,1
DA:110,1
DA:111,1
DA:117,2
DA:118,2
DA:120,2
DA:125,2
DA:127,1
DA:129,1
DA:130,1
DA:136,2
DA:137,2
DA:138,2
DA:140,2
DA:145,2
DA:147,1
DA:153,1
DA:155,1
DA:156,1
DA:162,1
DA:163,1
DA:164,1
DA:172,1
DA:174,1
DA:176,0
DA:177,0
DA:183,5
DA:184,5
DA:186,5
DA:187,5
DA:188,4
DA:191,4
DA:203,4
DA:204,2
DA:205,2
DA:208,1
DA:216,1
DA:217,1
DA:220,2
DA:223,4
DA:224,4
DA:230,2
DA:231,2
DA:233,1
DA:235,1
DA:236,1
DA:242,2
DA:243,2
DA:250,1
DA:252,1
DA:253,1
DA:259,2
DA:260,2
DA:261,2
DA:263,2
DA:264,2
DA:266,1
DA:269,0
DA:271,2
DA:272,2
DA:278,1
DA:279,1
DA:280,1
DA:282,0
DA:283,0
DA:289,1
DA:290,1
DA:291,1
DA:293,1
DA:295,1
DA:305,1
DA:307,0
DA:308,0
DA:314,0
DA:315,0
DA:321,0
DA:333,0
DA:342,0
DA:343,0
DA:345,0
DA:346,0
DA:352,0
DA:354,0
DA:355,0
DA:356,0
DA:357,0
DA:358,0
DA:359,0
DA:360,0
DA:371,0
DA:372,0
DA:373,0
DA:374,0
DA:376,0
DA:377,0
DA:378,0
DA:379,0
DA:381,0
DA:390,0
DA:395,0
DA:396,0
DA:397,0
DA:399,0
DA:400,0
DA:401,0
DA:402,0
DA:412,0
DA:414,0
DA:415,0
DA:422,0
DA:425,0
DA:426,0
DA:427,0
DA:433,0
DA:435,0
DA:438,0
DA:439,0
DA:452,0
DA:454,0
DA:456,0
DA:457,0
DA:462,2
LF:162
LH:106
BRDA:16,0,0,1
BRDA:16,0,1,45
BRDA:17,1,0,1
BRDA:17,1,1,44
BRDA:25,2,0,1
BRDA:25,2,1,43
BRDA:28,3,0,0
BRDA:28,3,1,43
BRDA:55,4,0,1
BRDA:55,4,1,2
BRDA:56,5,0,1
BRDA:56,5,1,1
BRDA:100,6,0,0
BRDA:100,6,1,2
BRDA:125,7,0,1
BRDA:125,7,1,1
BRDA:145,8,0,1
BRDA:145,8,1,1
BRDA:187,9,0,1
BRDA:187,9,1,4
BRDA:203,10,0,2
BRDA:203,10,1,2
BRDA:205,11,0,1
BRDA:205,11,1,1
BRDA:264,12,0,1
BRDA:264,12,1,1
BRDA:395,13,0,0
BRDA:395,13,1,0
BRDA:396,14,0,0
BRDA:396,14,1,0
BRDA:399,15,0,0
BRDA:399,15,1,0
BRDA:401,16,0,0
BRDA:401,16,1,0
BRDA:401,17,0,0
BRDA:401,17,1,0
BRDA:401,17,2,0
BRDA:438,18,0,0
BRDA:438,18,1,0
BRF:39
BRH:24
end_of_record
TN:
SF:helper\bycryptjs.js
FN:3,(anonymous_0)
FN:7,(anonymous_1)
FNF:2
FNH:2
FNDA:4,(anonymous_0)
FNDA:43,(anonymous_1)
DA:1,2
DA:3,2
DA:4,4
DA:7,2
DA:8,43
DA:11,2
LF:6
LH:6
BRF:0
BRH:0
end_of_record
TN:
SF:helper\jwt.js
FN:4,(anonymous_0)
FN:8,(anonymous_1)
FNF:2
FNH:2
FNDA:43,(anonymous_0)
FNDA:31,(anonymous_1)
DA:1,2
DA:2,2
DA:4,2
DA:5,43
DA:8,2
DA:9,31
DA:12,2
LF:7
LH:7
BRF:0
BRH:0
end_of_record
TN:
SF:middleware\authentication.js
FN:3,(anonymous_0)
FNF:1
FNH:1
FNDA:44,(anonymous_0)
DA:1,2
DA:2,2
DA:3,2
DA:4,44
DA:5,44
DA:7,44
DA:8,33
DA:9,33
DA:10,1
DA:13,32
DA:14,1
DA:17,31
DA:18,31
DA:20,31
DA:21,30
DA:22,1
DA:25,29
DA:27,29
DA:30,15
DA:34,2
LF:20
LH:20
BRDA:7,0,0,11
BRDA:7,0,1,33
BRDA:9,1,0,1
BRDA:9,1,1,32
BRDA:13,2,0,1
BRDA:13,2,1,31
BRDA:21,3,0,1
BRDA:21,3,1,29
BRF:8
BRH:8
end_of_record
TN:
SF:middleware\authorize.js
FN:2,(anonymous_0)
FNF:1
FNH:1
FNDA:3,(anonymous_0)
DA:1,2
DA:2,2
DA:3,3
DA:5,3
DA:7,1
DA:10,1
DA:11,1
DA:15,2
LF:8
LH:8
BRDA:5,0,0,2
BRDA:5,0,1,1
BRF:2
BRH:2
end_of_record
TN:
SF:middleware\errorHandlers.js
FN:1,(anonymous_0)
FNF:1
FNH:1
FNDA:39,(anonymous_0)
DA:1,2
DA:2,39
DA:3,39
DA:5,2
DA:6,2
DA:8,2
DA:9,2
DA:11,2
DA:12,2
DA:14,1
DA:15,1
DA:17,1
DA:18,1
DA:21,1
DA:22,1
DA:25,13
DA:26,13
DA:28,1
DA:29,1
DA:31,1
DA:32,1
DA:35,4
DA:36,4
DA:38,11
DA:39,11
DA:43,2
LF:26
LH:26
BRDA:3,0,0,2
BRDA:3,0,1,2
BRDA:3,0,2,2
BRDA:3,0,3,1
BRDA:3,0,4,1
BRDA:3,0,5,1
BRDA:3,0,6,13
BRDA:3,0,7,13
BRDA:3,0,8,1
BRDA:3,0,9,1
BRDA:3,0,10,4
BRDA:3,0,11,11
BRF:12
BRH:12
end_of_record
TN:
SF:models\card.js
FN:3,(anonymous_0)
FN:10,(anonymous_1)
FNF:2
FNH:2
FNDA:2,(anonymous_0)
FNDA:2,(anonymous_1)
DA:2,2
DA:3,2
DA:15,2
DA:18,2
DA:34,2
LF:5
LH:5
BRF:0
BRH:0
end_of_record
TN:
SF:models\coin.js
FN:3,(anonymous_0)
FN:10,(anonymous_1)
FNF:2
FNH:2
FNDA:2,(anonymous_0)
FNDA:2,(anonymous_1)
DA:2,2
DA:3,2
DA:12,2
DA:17,2
DA:27,2
LF:5
LH:5
BRF:0
BRH:0
end_of_record
TN:
SF:models\index.js
FN:21,(anonymous_0)
FN:29,(anonymous_1)
FN:34,(anonymous_2)
FNF:3
FNH:3
FNDA:12,(anonymous_0)
FNDA:10,(anonymous_1)
FNDA:10,(anonymous_2)
DA:3,2
DA:4,2
DA:5,2
DA:6,2
DA:7,2
DA:8,2
DA:9,2
DA:10,2
DA:13,2
DA:14,0
DA:16,2
DA:19,2
DA:22,12
DA:30,10
DA:31,10
DA:34,2
DA:35,10
DA:36,10
DA:40,2
DA:41,2
DA:43,2
LF:21
LH:20
BRDA:8,0,0,2
BRDA:8,0,1,0
BRDA:13,1,0,0
BRDA:13,1,1,2
BRDA:23,2,0,12
BRDA:23,2,1,12
BRDA:23,2,2,10
BRDA:23,2,3,10
BRDA:35,3,0,10
BRDA:35,3,1,0
BRF:10
BRH:7
end_of_record
TN:
SF:models\inventory.js
FN:3,(anonymous_0)
FN:10,(anonymous_1)
FNF:2
FNH:2
FNDA:2,(anonymous_0)
FNDA:2,(anonymous_1)
DA:2,2
DA:3,2
DA:16,2
DA:26,2
LF:4
LH:4
BRF:0
BRH:0
end_of_record
TN:
SF:models\order.js
FN:3,(anonymous_0)
FN:10,(anonymous_1)
FNF:2
FNH:2
FNDA:2,(anonymous_0)
FNDA:2,(anonymous_1)
DA:2,2
DA:3,2
DA:12,2
DA:15,2
DA:20,2
DA:34,2
LF:6
LH:6
BRF:0
BRH:0
end_of_record
TN:
SF:models\user.js
FN:5,(anonymous_0)
FN:12,(anonymous_1)
FN:65,(anonymous_2)
FNF:3
FNH:3
FNDA:2,(anonymous_0)
FNDA:2,(anonymous_1)
FNDA:4,(anonymous_2)
DA:2,2
DA:3,2
DA:5,2
DA:14,2
DA:16,2
DA:21,2
DA:65,2
DA:66,4
DA:68,2
LF:9
LH:9
BRF:0
BRH:0
end_of_record
TN:
SF:router\auth.js
FNF:0
FNH:0
DA:1,2
DA:2,2
DA:4,2
DA:6,2
DA:7,2
DA:8,2
DA:10,2
LF:7
LH:7
BRF:0
BRH:0
end_of_record
TN:
SF:router\main.js
FNF:0
FNH:0
DA:1,2
DA:2,2
DA:4,2
DA:6,2
DA:8,2
DA:9,2
DA:10,2
DA:11,2
DA:12,2
DA:13,2
DA:14,2
DA:16,2
DA:18,2
DA:19,2
DA:20,2
DA:21,2
DA:23,2
LF:17
LH:17
BRF:0
BRH:0
end_of_record
TN:
SF:router\midtrans.js
FNF:0
FNH:0
DA:1,2
DA:2,2
DA:4,2
DA:6,2
DA:8,2
LF:5
LH:5
BRF:0
BRH:0
end_of_record
